[19:05:15] [main/INFO] (Quilt Loader/GameProvider) Loading Minecraft 1.18.2 with Quilt Loader 0.16.0-beta.16
[19:05:15] [main/DEBUG] (Quilt Loader/GameRemap) Requesting deobfuscation of {client=C:\GitHub\disruption\.gradle\quilt-loom-cache\1.18.2\loom.mappings.1_18_2.layered+hash.916697315-v2\minecraft-project-@-merged-named.jar}
[19:05:15] [main/DEBUG] (Quilt Loader/GamePatch) Found game constructor: net.minecraft.client.main.Main -> net.minecraft.client.MinecraftClient
[19:05:15] [main/DEBUG] (Quilt Loader/GamePatch) Patching game constructor <init>(Lnet/minecraft/client/RunArgs;)V
[19:05:15] [main/DEBUG] (Quilt Loader/GamePatch) Run directory field is thought to be net/minecraft/client/MinecraftClient/runDirectory
[19:05:15] [main/DEBUG] (Quilt Loader/GamePatch) Applying brand name hook to net/minecraft/client/ClientBrandRetriever::getClientModName
[19:05:15] [main/DEBUG] (Quilt Loader/GamePatch) Applying brand name hook to net/minecraft/server/MinecraftServer::getServerModName
[19:05:15] [main/DEBUG] (Quilt Loader/GamePatch) Patched 3 classs
[19:05:15] [ForkJoinPool-1-worker-1/DEBUG] (Quilt Loader/Resolution) Testing [C:\GitHub\disruption\build\resources\main]
[19:05:15] [ForkJoinPool-1-worker-2/DEBUG] (Quilt Loader/Resolution) Testing [C:\GitHub\disruption\.gradle\quilt-loom-cache\remapped_mods\loom_mappings_1_18_2_layered_hash_916697315_v2\org\quiltmc\quilted-fabric-api\quilted-fabric-api\1.0.0-beta.13+0.51.1-1.18.2\quilted-fabric-api-1.0.0-beta.13+0.51.1-1.18.2.jar]
[19:05:15] [ForkJoinPool-1-worker-3/DEBUG] (Quilt Loader/Resolution) Testing [C:\GitHub\disruption\.gradle\quilt-loom-cache\remapped_mods\loom_mappings_1_18_2_layered_hash_916697315_v2\org\quiltmc\qsl\block\block_extensions\1.1.0-beta.8+1.18.2\block_extensions-1.1.0-beta.8+1.18.2.jar]
[19:05:15] [ForkJoinPool-1-worker-4/DEBUG] (Quilt Loader/Resolution) Testing [C:\GitHub\disruption\.gradle\quilt-loom-cache\remapped_mods\loom_mappings_1_18_2_layered_hash_916697315_v2\org\quiltmc\qsl\core\crash_info\1.1.0-beta.8+1.18.2\crash_info-1.1.0-beta.8+1.18.2.jar]
[19:05:15] [ForkJoinPool-1-worker-5/DEBUG] (Quilt Loader/Resolution) Testing [C:\GitHub\disruption\.gradle\quilt-loom-cache\remapped_mods\loom_mappings_1_18_2_layered_hash_916697315_v2\org\quiltmc\qsl\data\registry_entry_attachments\1.1.0-beta.8+1.18.2\registry_entry_attachments-1.1.0-beta.8+1.18.2.jar]
[19:05:15] [ForkJoinPool-1-worker-6/DEBUG] (Quilt Loader/Resolution) Testing [C:\GitHub\disruption\.gradle\quilt-loom-cache\remapped_mods\loom_mappings_1_18_2_layered_hash_916697315_v2\org\quiltmc\qsl\core\networking\1.1.0-beta.8+1.18.2\networking-1.1.0-beta.8+1.18.2.jar]
[19:05:15] [ForkJoinPool-1-worker-7/DEBUG] (Quilt Loader/Resolution) Testing [C:\GitHub\disruption\.gradle\quilt-loom-cache\remapped_mods\loom_mappings_1_18_2_layered_hash_916697315_v2\org\quiltmc\qsl\data\tags\1.1.0-beta.8+1.18.2\tags-1.1.0-beta.8+1.18.2.jar]
[19:05:15] [ForkJoinPool-1-worker-8/DEBUG] (Quilt Loader/Resolution) Testing [C:\GitHub\disruption\.gradle\quilt-loom-cache\remapped_mods\loom_mappings_1_18_2_layered_hash_916697315_v2\org\quiltmc\qsl\core\lifecycle_events\1.1.0-beta.8+1.18.2\lifecycle_events-1.1.0-beta.8+1.18.2.jar]
[19:05:15] [ForkJoinPool-1-worker-9/DEBUG] (Quilt Loader/Resolution) Testing [C:\GitHub\disruption\.gradle\quilt-loom-cache\remapped_mods\loom_mappings_1_18_2_layered_hash_916697315_v2\org\quiltmc\qsl\core\registry\1.1.0-beta.8+1.18.2\registry-1.1.0-beta.8+1.18.2.jar]
[19:05:15] [ForkJoinPool-1-worker-10/DEBUG] (Quilt Loader/Resolution) Testing [C:\GitHub\disruption\.gradle\quilt-loom-cache\remapped_mods\loom_mappings_1_18_2_layered_hash_916697315_v2\org\quiltmc\qsl\item\item_group\1.1.0-beta.8+1.18.2\item_group-1.1.0-beta.8+1.18.2.jar]
[19:05:15] [ForkJoinPool-1-worker-11/DEBUG] (Quilt Loader/Resolution) Testing [C:\GitHub\disruption\.gradle\quilt-loom-cache\remapped_mods\loom_mappings_1_18_2_layered_hash_916697315_v2\org\quiltmc\qsl\management\command\1.1.0-beta.8+1.18.2\command-1.1.0-beta.8+1.18.2.jar]
[19:05:15] [ForkJoinPool-1-worker-12/DEBUG] (Quilt Loader/Resolution) Testing [C:\GitHub\disruption\.gradle\quilt-loom-cache\remapped_mods\loom_mappings_1_18_2_layered_hash_916697315_v2\org\quiltmc\qsl\core\resource_loader\1.1.0-beta.8+1.18.2\resource_loader-1.1.0-beta.8+1.18.2.jar]
[19:05:15] [ForkJoinPool-1-worker-13/DEBUG] (Quilt Loader/Resolution) Testing [C:\GitHub\disruption\.gradle\quilt-loom-cache\remapped_mods\loom_mappings_1_18_2_layered_hash_916697315_v2\org\quiltmc\qsl\data\recipe\1.1.0-beta.8+1.18.2\recipe-1.1.0-beta.8+1.18.2.jar]
[19:05:15] [ForkJoinPool-1-worker-14/DEBUG] (Quilt Loader/Resolution) Testing [C:\GitHub\disruption\.gradle\quilt-loom-cache\remapped_mods\loom_mappings_1_18_2_layered_hash_916697315_v2\org\quiltmc\qsl\gui\tooltip\1.1.0-beta.8+1.18.2\tooltip-1.1.0-beta.8+1.18.2.jar]
[19:05:15] [ForkJoinPool-1-worker-15/DEBUG] (Quilt Loader/Resolution) Testing [C:\GitHub\disruption\.gradle\quilt-loom-cache\remapped_mods\loom_mappings_1_18_2_layered_hash_916697315_v2\org\quiltmc\qsl\item\item_setting\1.1.0-beta.8+1.18.2\item_setting-1.1.0-beta.8+1.18.2.jar]
[19:05:15] [ForkJoinPool-1-worker-16/DEBUG] (Quilt Loader/Resolution) Testing [C:\GitHub\disruption\.gradle\quilt-loom-cache\remapped_mods\loom_mappings_1_18_2_layered_hash_916697315_v2\org\quiltmc\qsl\management\client_command\1.1.0-beta.8+1.18.2\client_command-1.1.0-beta.8+1.18.2.jar]
[19:05:15] [ForkJoinPool-1-worker-17/DEBUG] (Quilt Loader/Resolution) Testing [C:\GitHub\disruption\.gradle\quilt-loom-cache\remapped_mods\loom_mappings_1_18_2_layered_hash_916697315_v2\org\quiltmc\qsl\worldgen\dimension\1.1.0-beta.8+1.18.2\dimension-1.1.0-beta.8+1.18.2.jar]
[19:05:15] [ForkJoinPool-1-worker-18/DEBUG] (Quilt Loader/Resolution) Testing [C:\GitHub\disruption\.gradle\quilt-loom-cache\remapped_mods\loom_mappings_1_18_2_layered_hash_916697315_v2\org\quiltmc\qsl\core\qsl_base\1.1.0-beta.8+1.18.2\qsl_base-1.1.0-beta.8+1.18.2.jar]
[19:05:15] [ForkJoinPool-1-worker-19/DEBUG] (Quilt Loader/Resolution) Testing [C:\GitHub\disruption\.gradle\quilt-loom-cache\remapped_mods\loom_mappings_1_18_2_layered_hash_916697315_v2\org\quiltmc\quilt-loader\0.16.0-beta.16\quilt-loader-0.16.0-beta.16.jar]
[19:05:15] [ForkJoinPool-1-worker-1/DEBUG] (Quilt Loader/Resolution) Adding C:\GitHub\disruption\build\resources\main as ModCandidate{disruption@1.0.0+1.20.1}
[19:05:15] [ForkJoinPool-1-worker-6/DEBUG] (Quilt Loader/Resolution) Adding C:\GitHub\disruption\.gradle\quilt-loom-cache\remapped_mods\loom_mappings_1_18_2_layered_hash_916697315_v2\org\quiltmc\qsl\core\networking\1.1.0-beta.8+1.18.2\networking-1.1.0-beta.8+1.18.2.jar as ModCandidate{quilt_networking@1.1.0-beta.8+1.18.2}
[19:05:15] [ForkJoinPool-1-worker-4/DEBUG] (Quilt Loader/Resolution) Adding C:\GitHub\disruption\.gradle\quilt-loom-cache\remapped_mods\loom_mappings_1_18_2_layered_hash_916697315_v2\org\quiltmc\qsl\core\crash_info\1.1.0-beta.8+1.18.2\crash_info-1.1.0-beta.8+1.18.2.jar as ModCandidate{quilt_crash_info@1.1.0-beta.8+1.18.2}
[19:05:15] [ForkJoinPool-1-worker-7/DEBUG] (Quilt Loader/Resolution) Adding C:\GitHub\disruption\.gradle\quilt-loom-cache\remapped_mods\loom_mappings_1_18_2_layered_hash_916697315_v2\org\quiltmc\qsl\data\tags\1.1.0-beta.8+1.18.2\tags-1.1.0-beta.8+1.18.2.jar as ModCandidate{quilt_tags@1.1.0-beta.8+1.18.2}
[19:05:15] [ForkJoinPool-1-worker-5/DEBUG] (Quilt Loader/Resolution) Adding C:\GitHub\disruption\.gradle\quilt-loom-cache\remapped_mods\loom_mappings_1_18_2_layered_hash_916697315_v2\org\quiltmc\qsl\data\registry_entry_attachments\1.1.0-beta.8+1.18.2\registry_entry_attachments-1.1.0-beta.8+1.18.2.jar as ModCandidate{quilt_registry_entry_attachments@1.1.0-beta.8+1.18.2}
[19:05:15] [ForkJoinPool-1-worker-3/DEBUG] (Quilt Loader/Resolution) Adding C:\GitHub\disruption\.gradle\quilt-loom-cache\remapped_mods\loom_mappings_1_18_2_layered_hash_916697315_v2\org\quiltmc\qsl\block\block_extensions\1.1.0-beta.8+1.18.2\block_extensions-1.1.0-beta.8+1.18.2.jar as ModCandidate{quilt_block_extensions@1.1.0-beta.8+1.18.2}
[19:05:15] [ForkJoinPool-1-worker-8/DEBUG] (Quilt Loader/Resolution) Adding C:\GitHub\disruption\.gradle\quilt-loom-cache\remapped_mods\loom_mappings_1_18_2_layered_hash_916697315_v2\org\quiltmc\qsl\core\lifecycle_events\1.1.0-beta.8+1.18.2\lifecycle_events-1.1.0-beta.8+1.18.2.jar as ModCandidate{quilt_lifecycle_events@1.1.0-beta.8+1.18.2}
[19:05:15] [ForkJoinPool-1-worker-2/DEBUG] (Quilt Loader/Resolution) Adding C:\GitHub\disruption\.gradle\quilt-loom-cache\remapped_mods\loom_mappings_1_18_2_layered_hash_916697315_v2\org\quiltmc\quilted-fabric-api\quilted-fabric-api\1.0.0-beta.13+0.51.1-1.18.2\quilted-fabric-api-1.0.0-beta.13+0.51.1-1.18.2.jar as ModCandidate{quilted_fabric_api@1.0.0-beta.13+0.51.1-1.18.2}
[19:05:15] [ForkJoinPool-1-worker-3/DEBUG] (Quilt Loader/Resolution) Searching for nested JARs in ModCandidate{quilt_block_extensions@1.1.0-beta.8+1.18.2}
[19:05:15] [ForkJoinPool-1-worker-2/DEBUG] (Quilt Loader/Resolution) Searching for nested JARs in ModCandidate{quilted_fabric_api@1.0.0-beta.13+0.51.1-1.18.2}
[19:05:15] [ForkJoinPool-1-worker-6/DEBUG] (Quilt Loader/Resolution) Searching for nested JARs in ModCandidate{quilt_networking@1.1.0-beta.8+1.18.2}
[19:05:15] [ForkJoinPool-1-worker-7/DEBUG] (Quilt Loader/Resolution) Searching for nested JARs in ModCandidate{quilt_tags@1.1.0-beta.8+1.18.2}
[19:05:15] [ForkJoinPool-1-worker-1/DEBUG] (Quilt Loader/Resolution) Searching for nested JARs in ModCandidate{disruption@1.0.0+1.20.1}
[19:05:15] [ForkJoinPool-1-worker-3/DEBUG] (Quilt Loader/Resolution) C:\GitHub\disruption\.gradle\quilt-loom-cache\remapped_mods\loom_mappings_1_18_2_layered_hash_916697315_v2\org\quiltmc\qsl\block\block_extensions\1.1.0-beta.8+1.18.2\block_extensions-1.1.0-beta.8+1.18.2.jar
[19:05:15] [ForkJoinPool-1-worker-2/DEBUG] (Quilt Loader/Resolution) C:\GitHub\disruption\.gradle\quilt-loom-cache\remapped_mods\loom_mappings_1_18_2_layered_hash_916697315_v2\org\quiltmc\quilted-fabric-api\quilted-fabric-api\1.0.0-beta.13+0.51.1-1.18.2\quilted-fabric-api-1.0.0-beta.13+0.51.1-1.18.2.jar
[19:05:15] [ForkJoinPool-1-worker-6/DEBUG] (Quilt Loader/Resolution) C:\GitHub\disruption\.gradle\quilt-loom-cache\remapped_mods\loom_mappings_1_18_2_layered_hash_916697315_v2\org\quiltmc\qsl\core\networking\1.1.0-beta.8+1.18.2\networking-1.1.0-beta.8+1.18.2.jar
[19:05:15] [ForkJoinPool-1-worker-7/DEBUG] (Quilt Loader/Resolution) C:\GitHub\disruption\.gradle\quilt-loom-cache\remapped_mods\loom_mappings_1_18_2_layered_hash_916697315_v2\org\quiltmc\qsl\data\tags\1.1.0-beta.8+1.18.2\tags-1.1.0-beta.8+1.18.2.jar
[19:05:15] [ForkJoinPool-1-worker-1/DEBUG] (Quilt Loader/Resolution) C:\GitHub\disruption\build\resources\main
[19:05:15] [ForkJoinPool-1-worker-4/DEBUG] (Quilt Loader/Resolution) Searching for nested JARs in ModCandidate{quilt_crash_info@1.1.0-beta.8+1.18.2}
[19:05:15] [ForkJoinPool-1-worker-8/DEBUG] (Quilt Loader/Resolution) Searching for nested JARs in ModCandidate{quilt_lifecycle_events@1.1.0-beta.8+1.18.2}
[19:05:15] [ForkJoinPool-1-worker-4/DEBUG] (Quilt Loader/Resolution) C:\GitHub\disruption\.gradle\quilt-loom-cache\remapped_mods\loom_mappings_1_18_2_layered_hash_916697315_v2\org\quiltmc\qsl\core\crash_info\1.1.0-beta.8+1.18.2\crash_info-1.1.0-beta.8+1.18.2.jar
[19:05:15] [ForkJoinPool-1-worker-8/DEBUG] (Quilt Loader/Resolution) C:\GitHub\disruption\.gradle\quilt-loom-cache\remapped_mods\loom_mappings_1_18_2_layered_hash_916697315_v2\org\quiltmc\qsl\core\lifecycle_events\1.1.0-beta.8+1.18.2\lifecycle_events-1.1.0-beta.8+1.18.2.jar
[19:05:15] [ForkJoinPool-1-worker-11/DEBUG] (Quilt Loader/Resolution) Adding C:\GitHub\disruption\.gradle\quilt-loom-cache\remapped_mods\loom_mappings_1_18_2_layered_hash_916697315_v2\org\quiltmc\qsl\management\command\1.1.0-beta.8+1.18.2\command-1.1.0-beta.8+1.18.2.jar as ModCandidate{quilt_command@1.1.0-beta.8+1.18.2}
[19:05:15] [ForkJoinPool-1-worker-11/DEBUG] (Quilt Loader/Resolution) Searching for nested JARs in ModCandidate{quilt_command@1.1.0-beta.8+1.18.2}
[19:05:15] [ForkJoinPool-1-worker-5/DEBUG] (Quilt Loader/Resolution) Searching for nested JARs in ModCandidate{quilt_registry_entry_attachments@1.1.0-beta.8+1.18.2}
[19:05:15] [ForkJoinPool-1-worker-2/DEBUG] (Quilt Loader/Resolution) Testing [C:\GitHub\disruption\.gradle\quilt-loom-cache\remapped_mods\loom_mappings_1_18_2_layered_hash_916697315_v2\org\quiltmc\quilted-fabric-api\fabric-commands-v0\1.0.0-beta.13+0.51.1-1.18.2\fabric-commands-v0-1.0.0-beta.13+0.51.1-1.18.2.jar]
[19:05:15] [ForkJoinPool-1-worker-6/DEBUG] (Quilt Loader/Resolution) Testing [C:\GitHub\disruption\.gradle\quilt-loom-cache\remapped_mods\loom_mappings_1_18_2_layered_hash_916697315_v2\org\quiltmc\quilted-fabric-api\fabric-transfer-api-v1\1.0.0-beta.13+0.51.1-1.18.2\fabric-transfer-api-v1-1.0.0-beta.13+0.51.1-1.18.2.jar]
[19:05:15] [ForkJoinPool-1-worker-1/DEBUG] (Quilt Loader/Resolution) Testing [C:\GitHub\disruption\.gradle\quilt-loom-cache\remapped_mods\loom_mappings_1_18_2_layered_hash_916697315_v2\org\quiltmc\quilted-fabric-api\fabric-api-lookup-api-v1\1.0.0-beta.13+0.51.1-1.18.2\fabric-api-lookup-api-v1-1.0.0-beta.13+0.51.1-1.18.2.jar]
[19:05:15] [ForkJoinPool-1-worker-5/DEBUG] (Quilt Loader/Resolution) C:\GitHub\disruption\.gradle\quilt-loom-cache\remapped_mods\loom_mappings_1_18_2_layered_hash_916697315_v2\org\quiltmc\qsl\data\registry_entry_attachments\1.1.0-beta.8+1.18.2\registry_entry_attachments-1.1.0-beta.8+1.18.2.jar
[19:05:15] [ForkJoinPool-1-worker-11/DEBUG] (Quilt Loader/Resolution) C:\GitHub\disruption\.gradle\quilt-loom-cache\remapped_mods\loom_mappings_1_18_2_layered_hash_916697315_v2\org\quiltmc\qsl\management\command\1.1.0-beta.8+1.18.2\command-1.1.0-beta.8+1.18.2.jar
[19:05:15] [ForkJoinPool-1-worker-3/DEBUG] (Quilt Loader/Resolution) Testing [C:\GitHub\disruption\.gradle\quilt-loom-cache\remapped_mods\loom_mappings_1_18_2_layered_hash_916697315_v2\org\quiltmc\quilted-fabric-api\fabric-blockrenderlayer-v1\1.0.0-beta.13+0.51.1-1.18.2\fabric-blockrenderlayer-v1-1.0.0-beta.13+0.51.1-1.18.2.jar]
[19:05:15] [ForkJoinPool-1-worker-5/DEBUG] (Quilt Loader/Resolution) Testing [C:\GitHub\disruption\.gradle\quilt-loom-cache\remapped_mods\loom_mappings_1_18_2_layered_hash_916697315_v2\org\quiltmc\quilted-fabric-api\fabric-content-registries-v0\1.0.0-beta.13+0.51.1-1.18.2\fabric-content-registries-v0-1.0.0-beta.13+0.51.1-1.18.2.jar]
[19:05:15] [ForkJoinPool-1-worker-4/DEBUG] (Quilt Loader/Resolution) Testing [C:\GitHub\disruption\.gradle\quilt-loom-cache\remapped_mods\loom_mappings_1_18_2_layered_hash_916697315_v2\org\quiltmc\quilted-fabric-api\fabric-command-api-v1\1.0.0-beta.13+0.51.1-1.18.2\fabric-command-api-v1-1.0.0-beta.13+0.51.1-1.18.2.jar]
[19:05:15] [ForkJoinPool-1-worker-8/DEBUG] (Quilt Loader/Resolution) Testing [C:\GitHub\disruption\.gradle\quilt-loom-cache\remapped_mods\loom_mappings_1_18_2_layered_hash_916697315_v2\org\quiltmc\quilted-fabric-api\fabric-containers-v0\1.0.0-beta.13+0.51.1-1.18.2\fabric-containers-v0-1.0.0-beta.13+0.51.1-1.18.2.jar]
[19:05:15] [ForkJoinPool-1-worker-11/DEBUG] (Quilt Loader/Resolution) Testing [C:\GitHub\disruption\.gradle\quilt-loom-cache\remapped_mods\loom_mappings_1_18_2_layered_hash_916697315_v2\org\quiltmc\quilted-fabric-api\fabric-convention-tags-v1\1.0.0-beta.13+0.51.1-1.18.2\fabric-convention-tags-v1-1.0.0-beta.13+0.51.1-1.18.2.jar]
[19:05:15] [ForkJoinPool-1-worker-10/DEBUG] (Quilt Loader/Resolution) Adding C:\GitHub\disruption\.gradle\quilt-loom-cache\remapped_mods\loom_mappings_1_18_2_layered_hash_916697315_v2\org\quiltmc\qsl\item\item_group\1.1.0-beta.8+1.18.2\item_group-1.1.0-beta.8+1.18.2.jar as ModCandidate{quilt_item_group@1.1.0-beta.8+1.18.2}
[19:05:15] [ForkJoinPool-1-worker-10/DEBUG] (Quilt Loader/Resolution) Searching for nested JARs in ModCandidate{quilt_item_group@1.1.0-beta.8+1.18.2}
[19:05:15] [ForkJoinPool-1-worker-10/DEBUG] (Quilt Loader/Resolution) C:\GitHub\disruption\.gradle\quilt-loom-cache\remapped_mods\loom_mappings_1_18_2_layered_hash_916697315_v2\org\quiltmc\qsl\item\item_group\1.1.0-beta.8+1.18.2\item_group-1.1.0-beta.8+1.18.2.jar
[19:05:15] [ForkJoinPool-1-worker-10/DEBUG] (Quilt Loader/Resolution) Testing [C:\GitHub\disruption\.gradle\quilt-loom-cache\remapped_mods\loom_mappings_1_18_2_layered_hash_916697315_v2\org\quiltmc\quilted-fabric-api\fabric-data-generation-api-v1\1.0.0-beta.13+0.51.1-1.18.2\fabric-data-generation-api-v1-1.0.0-beta.13+0.51.1-1.18.2.jar]
[19:05:15] [ForkJoinPool-1-worker-12/DEBUG] (Quilt Loader/Resolution) Adding C:\GitHub\disruption\.gradle\quilt-loom-cache\remapped_mods\loom_mappings_1_18_2_layered_hash_916697315_v2\org\quiltmc\qsl\core\resource_loader\1.1.0-beta.8+1.18.2\resource_loader-1.1.0-beta.8+1.18.2.jar as ModCandidate{quilt_resource_loader@1.1.0-beta.8+1.18.2}
[19:05:15] [ForkJoinPool-1-worker-12/DEBUG] (Quilt Loader/Resolution) Searching for nested JARs in ModCandidate{quilt_resource_loader@1.1.0-beta.8+1.18.2}
[19:05:15] [ForkJoinPool-1-worker-12/DEBUG] (Quilt Loader/Resolution) C:\GitHub\disruption\.gradle\quilt-loom-cache\remapped_mods\loom_mappings_1_18_2_layered_hash_916697315_v2\org\quiltmc\qsl\core\resource_loader\1.1.0-beta.8+1.18.2\resource_loader-1.1.0-beta.8+1.18.2.jar
[19:05:15] [ForkJoinPool-1-worker-12/DEBUG] (Quilt Loader/Resolution) Testing [C:\GitHub\disruption\.gradle\quilt-loom-cache\remapped_mods\loom_mappings_1_18_2_layered_hash_916697315_v2\org\quiltmc\quilted-fabric-api\fabric-dimensions-v1\1.0.0-beta.13+0.51.1-1.18.2\fabric-dimensions-v1-1.0.0-beta.13+0.51.1-1.18.2.jar]
[19:05:15] [ForkJoinPool-1-worker-13/DEBUG] (Quilt Loader/Resolution) Adding C:\GitHub\disruption\.gradle\quilt-loom-cache\remapped_mods\loom_mappings_1_18_2_layered_hash_916697315_v2\org\quiltmc\qsl\data\recipe\1.1.0-beta.8+1.18.2\recipe-1.1.0-beta.8+1.18.2.jar as ModCandidate{quilt_recipe@1.1.0-beta.8+1.18.2}
[19:05:15] [ForkJoinPool-1-worker-13/DEBUG] (Quilt Loader/Resolution) Searching for nested JARs in ModCandidate{quilt_recipe@1.1.0-beta.8+1.18.2}
[19:05:15] [ForkJoinPool-1-worker-13/DEBUG] (Quilt Loader/Resolution) C:\GitHub\disruption\.gradle\quilt-loom-cache\remapped_mods\loom_mappings_1_18_2_layered_hash_916697315_v2\org\quiltmc\qsl\data\recipe\1.1.0-beta.8+1.18.2\recipe-1.1.0-beta.8+1.18.2.jar
[19:05:15] [ForkJoinPool-1-worker-13/DEBUG] (Quilt Loader/Resolution) Testing [C:\GitHub\disruption\.gradle\quilt-loom-cache\remapped_mods\loom_mappings_1_18_2_layered_hash_916697315_v2\org\quiltmc\quilted-fabric-api\fabric-entity-events-v1\1.0.0-beta.13+0.51.1-1.18.2\fabric-entity-events-v1-1.0.0-beta.13+0.51.1-1.18.2.jar]
[19:05:15] [ForkJoinPool-1-worker-14/DEBUG] (Quilt Loader/Resolution) Adding C:\GitHub\disruption\.gradle\quilt-loom-cache\remapped_mods\loom_mappings_1_18_2_layered_hash_916697315_v2\org\quiltmc\qsl\gui\tooltip\1.1.0-beta.8+1.18.2\tooltip-1.1.0-beta.8+1.18.2.jar as ModCandidate{quilt_tooltip@1.1.0-beta.8+1.18.2}
[19:05:15] [ForkJoinPool-1-worker-14/DEBUG] (Quilt Loader/Resolution) Searching for nested JARs in ModCandidate{quilt_tooltip@1.1.0-beta.8+1.18.2}
[19:05:15] [ForkJoinPool-1-worker-14/DEBUG] (Quilt Loader/Resolution) C:\GitHub\disruption\.gradle\quilt-loom-cache\remapped_mods\loom_mappings_1_18_2_layered_hash_916697315_v2\org\quiltmc\qsl\gui\tooltip\1.1.0-beta.8+1.18.2\tooltip-1.1.0-beta.8+1.18.2.jar
[19:05:15] [ForkJoinPool-1-worker-14/DEBUG] (Quilt Loader/Resolution) Testing [C:\GitHub\disruption\.gradle\quilt-loom-cache\remapped_mods\loom_mappings_1_18_2_layered_hash_916697315_v2\org\quiltmc\quilted-fabric-api\fabric-events-interaction-v0\1.0.0-beta.13+0.51.1-1.18.2\fabric-events-interaction-v0-1.0.0-beta.13+0.51.1-1.18.2.jar]
[19:05:15] [ForkJoinPool-1-worker-15/DEBUG] (Quilt Loader/Resolution) Adding C:\GitHub\disruption\.gradle\quilt-loom-cache\remapped_mods\loom_mappings_1_18_2_layered_hash_916697315_v2\org\quiltmc\qsl\item\item_setting\1.1.0-beta.8+1.18.2\item_setting-1.1.0-beta.8+1.18.2.jar as ModCandidate{quilt_item_setting@1.1.0-beta.8+1.18.2}
[19:05:15] [ForkJoinPool-1-worker-15/DEBUG] (Quilt Loader/Resolution) Searching for nested JARs in ModCandidate{quilt_item_setting@1.1.0-beta.8+1.18.2}
[19:05:15] [ForkJoinPool-1-worker-15/DEBUG] (Quilt Loader/Resolution) C:\GitHub\disruption\.gradle\quilt-loom-cache\remapped_mods\loom_mappings_1_18_2_layered_hash_916697315_v2\org\quiltmc\qsl\item\item_setting\1.1.0-beta.8+1.18.2\item_setting-1.1.0-beta.8+1.18.2.jar
[19:05:15] [ForkJoinPool-1-worker-15/DEBUG] (Quilt Loader/Resolution) Testing [C:\GitHub\disruption\.gradle\quilt-loom-cache\remapped_mods\loom_mappings_1_18_2_layered_hash_916697315_v2\org\quiltmc\quilted-fabric-api\fabric-events-lifecycle-v0\1.0.0-beta.13+0.51.1-1.18.2\fabric-events-lifecycle-v0-1.0.0-beta.13+0.51.1-1.18.2.jar]
[19:05:15] [ForkJoinPool-1-worker-16/DEBUG] (Quilt Loader/Resolution) Adding C:\GitHub\disruption\.gradle\quilt-loom-cache\remapped_mods\loom_mappings_1_18_2_layered_hash_916697315_v2\org\quiltmc\qsl\management\client_command\1.1.0-beta.8+1.18.2\client_command-1.1.0-beta.8+1.18.2.jar as ModCandidate{quilt_client_command@1.1.0-beta.8+1.18.2}
[19:05:15] [ForkJoinPool-1-worker-16/DEBUG] (Quilt Loader/Resolution) Searching for nested JARs in ModCandidate{quilt_client_command@1.1.0-beta.8+1.18.2}
[19:05:15] [ForkJoinPool-1-worker-16/DEBUG] (Quilt Loader/Resolution) C:\GitHub\disruption\.gradle\quilt-loom-cache\remapped_mods\loom_mappings_1_18_2_layered_hash_916697315_v2\org\quiltmc\qsl\management\client_command\1.1.0-beta.8+1.18.2\client_command-1.1.0-beta.8+1.18.2.jar
[19:05:15] [ForkJoinPool-1-worker-16/DEBUG] (Quilt Loader/Resolution) Testing [C:\GitHub\disruption\.gradle\quilt-loom-cache\remapped_mods\loom_mappings_1_18_2_layered_hash_916697315_v2\org\quiltmc\quilted-fabric-api\fabric-gametest-api-v1\1.0.0-beta.13+0.51.1-1.18.2\fabric-gametest-api-v1-1.0.0-beta.13+0.51.1-1.18.2.jar]
[19:05:15] [ForkJoinPool-1-worker-17/DEBUG] (Quilt Loader/Resolution) Adding C:\GitHub\disruption\.gradle\quilt-loom-cache\remapped_mods\loom_mappings_1_18_2_layered_hash_916697315_v2\org\quiltmc\qsl\worldgen\dimension\1.1.0-beta.8+1.18.2\dimension-1.1.0-beta.8+1.18.2.jar as ModCandidate{quilt_dimension@1.1.0-beta.8+1.18.2}
[19:05:15] [ForkJoinPool-1-worker-17/DEBUG] (Quilt Loader/Resolution) Searching for nested JARs in ModCandidate{quilt_dimension@1.1.0-beta.8+1.18.2}
[19:05:15] [ForkJoinPool-1-worker-17/DEBUG] (Quilt Loader/Resolution) C:\GitHub\disruption\.gradle\quilt-loom-cache\remapped_mods\loom_mappings_1_18_2_layered_hash_916697315_v2\org\quiltmc\qsl\worldgen\dimension\1.1.0-beta.8+1.18.2\dimension-1.1.0-beta.8+1.18.2.jar
[19:05:15] [ForkJoinPool-1-worker-17/DEBUG] (Quilt Loader/Resolution) Testing [C:\GitHub\disruption\.gradle\quilt-loom-cache\remapped_mods\loom_mappings_1_18_2_layered_hash_916697315_v2\org\quiltmc\quilted-fabric-api\fabric-item-api-v1\1.0.0-beta.13+0.51.1-1.18.2\fabric-item-api-v1-1.0.0-beta.13+0.51.1-1.18.2.jar]
[19:05:15] [ForkJoinPool-1-worker-18/DEBUG] (Quilt Loader/Resolution) Adding C:\GitHub\disruption\.gradle\quilt-loom-cache\remapped_mods\loom_mappings_1_18_2_layered_hash_916697315_v2\org\quiltmc\qsl\core\qsl_base\1.1.0-beta.8+1.18.2\qsl_base-1.1.0-beta.8+1.18.2.jar as ModCandidate{quilt_base@1.1.0-beta.8+1.18.2}
[19:05:15] [ForkJoinPool-1-worker-18/DEBUG] (Quilt Loader/Resolution) Searching for nested JARs in ModCandidate{quilt_base@1.1.0-beta.8+1.18.2}
[19:05:15] [ForkJoinPool-1-worker-18/DEBUG] (Quilt Loader/Resolution) C:\GitHub\disruption\.gradle\quilt-loom-cache\remapped_mods\loom_mappings_1_18_2_layered_hash_916697315_v2\org\quiltmc\qsl\core\qsl_base\1.1.0-beta.8+1.18.2\qsl_base-1.1.0-beta.8+1.18.2.jar
[19:05:15] [ForkJoinPool-1-worker-18/DEBUG] (Quilt Loader/Resolution) Testing [C:\GitHub\disruption\.gradle\quilt-loom-cache\remapped_mods\loom_mappings_1_18_2_layered_hash_916697315_v2\org\quiltmc\quilted-fabric-api\fabric-item-groups-v0\1.0.0-beta.13+0.51.1-1.18.2\fabric-item-groups-v0-1.0.0-beta.13+0.51.1-1.18.2.jar]
[19:05:15] [ForkJoinPool-1-worker-19/DEBUG] (Quilt Loader/Resolution) Adding C:\GitHub\disruption\.gradle\quilt-loom-cache\remapped_mods\loom_mappings_1_18_2_layered_hash_916697315_v2\org\quiltmc\quilt-loader\0.16.0-beta.16\quilt-loader-0.16.0-beta.16.jar as ModCandidate{quilt_loader@0.16.0-beta.16}
[19:05:15] [ForkJoinPool-1-worker-19/DEBUG] (Quilt Loader/Resolution) Searching for nested JARs in ModCandidate{quilt_loader@0.16.0-beta.16}
[19:05:15] [ForkJoinPool-1-worker-19/DEBUG] (Quilt Loader/Resolution) C:\GitHub\disruption\.gradle\quilt-loom-cache\remapped_mods\loom_mappings_1_18_2_layered_hash_916697315_v2\org\quiltmc\quilt-loader\0.16.0-beta.16\quilt-loader-0.16.0-beta.16.jar
[19:05:15] [ForkJoinPool-1-worker-19/DEBUG] (Quilt Loader/Resolution) Testing [C:\GitHub\disruption\.gradle\quilt-loom-cache\remapped_mods\loom_mappings_1_18_2_layered_hash_916697315_v2\org\quiltmc\quilted-fabric-api\fabric-lifecycle-events-v1\1.0.0-beta.13+0.51.1-1.18.2\fabric-lifecycle-events-v1-1.0.0-beta.13+0.51.1-1.18.2.jar]
[19:05:15] [ForkJoinPool-1-worker-9/DEBUG] (Quilt Loader/Resolution) Adding C:\GitHub\disruption\.gradle\quilt-loom-cache\remapped_mods\loom_mappings_1_18_2_layered_hash_916697315_v2\org\quiltmc\qsl\core\registry\1.1.0-beta.8+1.18.2\registry-1.1.0-beta.8+1.18.2.jar as ModCandidate{quilt_registry@1.1.0-beta.8+1.18.2}
[19:05:15] [ForkJoinPool-1-worker-9/DEBUG] (Quilt Loader/Resolution) Searching for nested JARs in ModCandidate{quilt_registry@1.1.0-beta.8+1.18.2}
[19:05:15] [ForkJoinPool-1-worker-9/DEBUG] (Quilt Loader/Resolution) C:\GitHub\disruption\.gradle\quilt-loom-cache\remapped_mods\loom_mappings_1_18_2_layered_hash_916697315_v2\org\quiltmc\qsl\core\registry\1.1.0-beta.8+1.18.2\registry-1.1.0-beta.8+1.18.2.jar
[19:05:15] [ForkJoinPool-1-worker-9/DEBUG] (Quilt Loader/Resolution) Testing [C:\GitHub\disruption\.gradle\quilt-loom-cache\remapped_mods\loom_mappings_1_18_2_layered_hash_916697315_v2\org\quiltmc\quilted-fabric-api\fabric-loot-tables-v1\1.0.0-beta.13+0.51.1-1.18.2\fabric-loot-tables-v1-1.0.0-beta.13+0.51.1-1.18.2.jar]
[19:05:15] [ForkJoinPool-1-worker-2/DEBUG] (Quilt Loader/Resolution) Adding C:\GitHub\disruption\.gradle\quilt-loom-cache\remapped_mods\loom_mappings_1_18_2_layered_hash_916697315_v2\org\quiltmc\quilted-fabric-api\fabric-commands-v0\1.0.0-beta.13+0.51.1-1.18.2\fabric-commands-v0-1.0.0-beta.13+0.51.1-1.18.2.jar as ModCandidate{quilted_fabric_commands_v0@1.0.0-beta.13+0.51.1-1.18.2}
[19:05:15] [ForkJoinPool-1-worker-2/DEBUG] (Quilt Loader/Resolution) Searching for nested JARs in ModCandidate{quilted_fabric_commands_v0@1.0.0-beta.13+0.51.1-1.18.2}
[19:05:15] [ForkJoinPool-1-worker-2/DEBUG] (Quilt Loader/Resolution) C:\GitHub\disruption\.gradle\quilt-loom-cache\remapped_mods\loom_mappings_1_18_2_layered_hash_916697315_v2\org\quiltmc\quilted-fabric-api\fabric-commands-v0\1.0.0-beta.13+0.51.1-1.18.2\fabric-commands-v0-1.0.0-beta.13+0.51.1-1.18.2.jar
[19:05:15] [ForkJoinPool-1-worker-2/DEBUG] (Quilt Loader/Resolution) Testing [C:\GitHub\disruption\.gradle\quilt-loom-cache\remapped_mods\loom_mappings_1_18_2_layered_hash_916697315_v2\org\quiltmc\quilted-fabric-api\fabric-mining-level-api-v1\1.0.0-beta.13+0.51.1-1.18.2\fabric-mining-level-api-v1-1.0.0-beta.13+0.51.1-1.18.2.jar]
[19:05:15] [ForkJoinPool-1-worker-6/DEBUG] (Quilt Loader/Resolution) Adding C:\GitHub\disruption\.gradle\quilt-loom-cache\remapped_mods\loom_mappings_1_18_2_layered_hash_916697315_v2\org\quiltmc\quilted-fabric-api\fabric-transfer-api-v1\1.0.0-beta.13+0.51.1-1.18.2\fabric-transfer-api-v1-1.0.0-beta.13+0.51.1-1.18.2.jar as ModCandidate{quilted_fabric_transfer_api_v1@1.0.0-beta.13+0.51.1-1.18.2}
[19:05:15] [ForkJoinPool-1-worker-6/DEBUG] (Quilt Loader/Resolution) Searching for nested JARs in ModCandidate{quilted_fabric_transfer_api_v1@1.0.0-beta.13+0.51.1-1.18.2}
[19:05:15] [ForkJoinPool-1-worker-6/DEBUG] (Quilt Loader/Resolution) C:\GitHub\disruption\.gradle\quilt-loom-cache\remapped_mods\loom_mappings_1_18_2_layered_hash_916697315_v2\org\quiltmc\quilted-fabric-api\fabric-transfer-api-v1\1.0.0-beta.13+0.51.1-1.18.2\fabric-transfer-api-v1-1.0.0-beta.13+0.51.1-1.18.2.jar
[19:05:15] [ForkJoinPool-1-worker-6/DEBUG] (Quilt Loader/Resolution) Testing [C:\GitHub\disruption\.gradle\quilt-loom-cache\remapped_mods\loom_mappings_1_18_2_layered_hash_916697315_v2\org\quiltmc\quilted-fabric-api\fabric-models-v0\1.0.0-beta.13+0.51.1-1.18.2\fabric-models-v0-1.0.0-beta.13+0.51.1-1.18.2.jar]
[19:05:15] [ForkJoinPool-1-worker-1/DEBUG] (Quilt Loader/Resolution) Adding C:\GitHub\disruption\.gradle\quilt-loom-cache\remapped_mods\loom_mappings_1_18_2_layered_hash_916697315_v2\org\quiltmc\quilted-fabric-api\fabric-api-lookup-api-v1\1.0.0-beta.13+0.51.1-1.18.2\fabric-api-lookup-api-v1-1.0.0-beta.13+0.51.1-1.18.2.jar as ModCandidate{quilted_fabric_api_lookup_api_v1@1.0.0-beta.13+0.51.1-1.18.2}
[19:05:15] [ForkJoinPool-1-worker-1/DEBUG] (Quilt Loader/Resolution) Searching for nested JARs in ModCandidate{quilted_fabric_api_lookup_api_v1@1.0.0-beta.13+0.51.1-1.18.2}
[19:05:15] [ForkJoinPool-1-worker-1/DEBUG] (Quilt Loader/Resolution) C:\GitHub\disruption\.gradle\quilt-loom-cache\remapped_mods\loom_mappings_1_18_2_layered_hash_916697315_v2\org\quiltmc\quilted-fabric-api\fabric-api-lookup-api-v1\1.0.0-beta.13+0.51.1-1.18.2\fabric-api-lookup-api-v1-1.0.0-beta.13+0.51.1-1.18.2.jar
[19:05:15] [ForkJoinPool-1-worker-1/DEBUG] (Quilt Loader/Resolution) Testing [C:\GitHub\disruption\.gradle\quilt-loom-cache\remapped_mods\loom_mappings_1_18_2_layered_hash_916697315_v2\org\quiltmc\quilted-fabric-api\fabric-networking-v0\1.0.0-beta.13+0.51.1-1.18.2\fabric-networking-v0-1.0.0-beta.13+0.51.1-1.18.2.jar]
[19:05:15] [ForkJoinPool-1-worker-3/DEBUG] (Quilt Loader/Resolution) Adding C:\GitHub\disruption\.gradle\quilt-loom-cache\remapped_mods\loom_mappings_1_18_2_layered_hash_916697315_v2\org\quiltmc\quilted-fabric-api\fabric-blockrenderlayer-v1\1.0.0-beta.13+0.51.1-1.18.2\fabric-blockrenderlayer-v1-1.0.0-beta.13+0.51.1-1.18.2.jar as ModCandidate{quilted_fabric_blockrenderlayer_v1@1.0.0-beta.13+0.51.1-1.18.2}
[19:05:15] [ForkJoinPool-1-worker-3/DEBUG] (Quilt Loader/Resolution) Searching for nested JARs in ModCandidate{quilted_fabric_blockrenderlayer_v1@1.0.0-beta.13+0.51.1-1.18.2}
[19:05:15] [ForkJoinPool-1-worker-3/DEBUG] (Quilt Loader/Resolution) C:\GitHub\disruption\.gradle\quilt-loom-cache\remapped_mods\loom_mappings_1_18_2_layered_hash_916697315_v2\org\quiltmc\quilted-fabric-api\fabric-blockrenderlayer-v1\1.0.0-beta.13+0.51.1-1.18.2\fabric-blockrenderlayer-v1-1.0.0-beta.13+0.51.1-1.18.2.jar
[19:05:15] [ForkJoinPool-1-worker-3/DEBUG] (Quilt Loader/Resolution) Testing [C:\GitHub\disruption\.gradle\quilt-loom-cache\remapped_mods\loom_mappings_1_18_2_layered_hash_916697315_v2\org\quiltmc\quilted-fabric-api\fabric-registry-sync-v0\1.0.0-beta.13+0.51.1-1.18.2\fabric-registry-sync-v0-1.0.0-beta.13+0.51.1-1.18.2.jar]
[19:05:15] [ForkJoinPool-1-worker-5/DEBUG] (Quilt Loader/Resolution) Adding C:\GitHub\disruption\.gradle\quilt-loom-cache\remapped_mods\loom_mappings_1_18_2_layered_hash_916697315_v2\org\quiltmc\quilted-fabric-api\fabric-content-registries-v0\1.0.0-beta.13+0.51.1-1.18.2\fabric-content-registries-v0-1.0.0-beta.13+0.51.1-1.18.2.jar as ModCandidate{quilted_fabric_content_registries_v0@1.0.0-beta.13+0.51.1-1.18.2}
[19:05:15] [ForkJoinPool-1-worker-5/DEBUG] (Quilt Loader/Resolution) Searching for nested JARs in ModCandidate{quilted_fabric_content_registries_v0@1.0.0-beta.13+0.51.1-1.18.2}
[19:05:15] [ForkJoinPool-1-worker-5/DEBUG] (Quilt Loader/Resolution) C:\GitHub\disruption\.gradle\quilt-loom-cache\remapped_mods\loom_mappings_1_18_2_layered_hash_916697315_v2\org\quiltmc\quilted-fabric-api\fabric-content-registries-v0\1.0.0-beta.13+0.51.1-1.18.2\fabric-content-registries-v0-1.0.0-beta.13+0.51.1-1.18.2.jar
[19:05:15] [ForkJoinPool-1-worker-5/DEBUG] (Quilt Loader/Resolution) Testing [C:\GitHub\disruption\.gradle\quilt-loom-cache\remapped_mods\loom_mappings_1_18_2_layered_hash_916697315_v2\org\quiltmc\quilted-fabric-api\fabric-screen-handler-api-v1\1.0.0-beta.13+0.51.1-1.18.2\fabric-screen-handler-api-v1-1.0.0-beta.13+0.51.1-1.18.2.jar]
[19:05:15] [ForkJoinPool-1-worker-11/DEBUG] (Quilt Loader/Resolution) Adding C:\GitHub\disruption\.gradle\quilt-loom-cache\remapped_mods\loom_mappings_1_18_2_layered_hash_916697315_v2\org\quiltmc\quilted-fabric-api\fabric-convention-tags-v1\1.0.0-beta.13+0.51.1-1.18.2\fabric-convention-tags-v1-1.0.0-beta.13+0.51.1-1.18.2.jar as ModCandidate{quilted_fabric_convention_tags_api_v1@1.0.0-beta.13+0.51.1-1.18.2}
[19:05:15] [ForkJoinPool-1-worker-11/DEBUG] (Quilt Loader/Resolution) Searching for nested JARs in ModCandidate{quilted_fabric_convention_tags_api_v1@1.0.0-beta.13+0.51.1-1.18.2}
[19:05:15] [ForkJoinPool-1-worker-11/DEBUG] (Quilt Loader/Resolution) C:\GitHub\disruption\.gradle\quilt-loom-cache\remapped_mods\loom_mappings_1_18_2_layered_hash_916697315_v2\org\quiltmc\quilted-fabric-api\fabric-convention-tags-v1\1.0.0-beta.13+0.51.1-1.18.2\fabric-convention-tags-v1-1.0.0-beta.13+0.51.1-1.18.2.jar
[19:05:15] [ForkJoinPool-1-worker-11/DEBUG] (Quilt Loader/Resolution) Testing [C:\GitHub\disruption\.gradle\quilt-loom-cache\remapped_mods\loom_mappings_1_18_2_layered_hash_916697315_v2\org\quiltmc\quilted-fabric-api\fabric-networking-api-v1\1.0.0-beta.13+0.51.1-1.18.2\fabric-networking-api-v1-1.0.0-beta.13+0.51.1-1.18.2.jar]
[19:05:15] [ForkJoinPool-1-worker-8/DEBUG] (Quilt Loader/Resolution) Adding C:\GitHub\disruption\.gradle\quilt-loom-cache\remapped_mods\loom_mappings_1_18_2_layered_hash_916697315_v2\org\quiltmc\quilted-fabric-api\fabric-containers-v0\1.0.0-beta.13+0.51.1-1.18.2\fabric-containers-v0-1.0.0-beta.13+0.51.1-1.18.2.jar as ModCandidate{quilted_fabric_containers_v0@1.0.0-beta.13+0.51.1-1.18.2}
[19:05:15] [ForkJoinPool-1-worker-8/DEBUG] (Quilt Loader/Resolution) Searching for nested JARs in ModCandidate{quilted_fabric_containers_v0@1.0.0-beta.13+0.51.1-1.18.2}
[19:05:15] [ForkJoinPool-1-worker-8/DEBUG] (Quilt Loader/Resolution) C:\GitHub\disruption\.gradle\quilt-loom-cache\remapped_mods\loom_mappings_1_18_2_layered_hash_916697315_v2\org\quiltmc\quilted-fabric-api\fabric-containers-v0\1.0.0-beta.13+0.51.1-1.18.2\fabric-containers-v0-1.0.0-beta.13+0.51.1-1.18.2.jar
[19:05:15] [ForkJoinPool-1-worker-8/DEBUG] (Quilt Loader/Resolution) Testing [C:\GitHub\disruption\.gradle\quilt-loom-cache\remapped_mods\loom_mappings_1_18_2_layered_hash_916697315_v2\org\quiltmc\quilted-fabric-api\fabric-object-builder-api-v1\1.0.0-beta.13+0.51.1-1.18.2\fabric-object-builder-api-v1-1.0.0-beta.13+0.51.1-1.18.2.jar]
[19:05:15] [ForkJoinPool-1-worker-4/DEBUG] (Quilt Loader/Resolution) Adding C:\GitHub\disruption\.gradle\quilt-loom-cache\remapped_mods\loom_mappings_1_18_2_layered_hash_916697315_v2\org\quiltmc\quilted-fabric-api\fabric-command-api-v1\1.0.0-beta.13+0.51.1-1.18.2\fabric-command-api-v1-1.0.0-beta.13+0.51.1-1.18.2.jar as ModCandidate{quilted_fabric_command_api_v1@1.0.0-beta.13+0.51.1-1.18.2}
[19:05:15] [ForkJoinPool-1-worker-4/DEBUG] (Quilt Loader/Resolution) Searching for nested JARs in ModCandidate{quilted_fabric_command_api_v1@1.0.0-beta.13+0.51.1-1.18.2}
[19:05:15] [ForkJoinPool-1-worker-4/DEBUG] (Quilt Loader/Resolution) C:\GitHub\disruption\.gradle\quilt-loom-cache\remapped_mods\loom_mappings_1_18_2_layered_hash_916697315_v2\org\quiltmc\quilted-fabric-api\fabric-command-api-v1\1.0.0-beta.13+0.51.1-1.18.2\fabric-command-api-v1-1.0.0-beta.13+0.51.1-1.18.2.jar
[19:05:15] [ForkJoinPool-1-worker-4/DEBUG] (Quilt Loader/Resolution) Testing [C:\GitHub\disruption\.gradle\quilt-loom-cache\remapped_mods\loom_mappings_1_18_2_layered_hash_916697315_v2\org\quiltmc\quilted-fabric-api\fabric-particles-v1\1.0.0-beta.13+0.51.1-1.18.2\fabric-particles-v1-1.0.0-beta.13+0.51.1-1.18.2.jar]
[19:05:15] [ForkJoinPool-1-worker-10/DEBUG] (Quilt Loader/Resolution) Adding C:\GitHub\disruption\.gradle\quilt-loom-cache\remapped_mods\loom_mappings_1_18_2_layered_hash_916697315_v2\org\quiltmc\quilted-fabric-api\fabric-data-generation-api-v1\1.0.0-beta.13+0.51.1-1.18.2\fabric-data-generation-api-v1-1.0.0-beta.13+0.51.1-1.18.2.jar as ModCandidate{quilted_fabric_data_generation_api_v1@1.0.0-beta.13+0.51.1-1.18.2}
[19:05:15] [ForkJoinPool-1-worker-10/DEBUG] (Quilt Loader/Resolution) Searching for nested JARs in ModCandidate{quilted_fabric_data_generation_api_v1@1.0.0-beta.13+0.51.1-1.18.2}
[19:05:15] [ForkJoinPool-1-worker-10/DEBUG] (Quilt Loader/Resolution) C:\GitHub\disruption\.gradle\quilt-loom-cache\remapped_mods\loom_mappings_1_18_2_layered_hash_916697315_v2\org\quiltmc\quilted-fabric-api\fabric-data-generation-api-v1\1.0.0-beta.13+0.51.1-1.18.2\fabric-data-generation-api-v1-1.0.0-beta.13+0.51.1-1.18.2.jar
[19:05:15] [ForkJoinPool-1-worker-10/DEBUG] (Quilt Loader/Resolution) Testing [C:\GitHub\disruption\.gradle\quilt-loom-cache\remapped_mods\loom_mappings_1_18_2_layered_hash_916697315_v2\org\quiltmc\quilted-fabric-api\fabric-renderer-indigo\1.0.0-beta.13+0.51.1-1.18.2\fabric-renderer-indigo-1.0.0-beta.13+0.51.1-1.18.2.jar]
[19:05:15] [ForkJoinPool-1-worker-12/DEBUG] (Quilt Loader/Resolution) Adding C:\GitHub\disruption\.gradle\quilt-loom-cache\remapped_mods\loom_mappings_1_18_2_layered_hash_916697315_v2\org\quiltmc\quilted-fabric-api\fabric-dimensions-v1\1.0.0-beta.13+0.51.1-1.18.2\fabric-dimensions-v1-1.0.0-beta.13+0.51.1-1.18.2.jar as ModCandidate{quilted_fabric_dimensions_v1@1.0.0-beta.13+0.51.1-1.18.2}
[19:05:15] [ForkJoinPool-1-worker-12/DEBUG] (Quilt Loader/Resolution) Searching for nested JARs in ModCandidate{quilted_fabric_dimensions_v1@1.0.0-beta.13+0.51.1-1.18.2}
[19:05:15] [ForkJoinPool-1-worker-12/DEBUG] (Quilt Loader/Resolution) C:\GitHub\disruption\.gradle\quilt-loom-cache\remapped_mods\loom_mappings_1_18_2_layered_hash_916697315_v2\org\quiltmc\quilted-fabric-api\fabric-dimensions-v1\1.0.0-beta.13+0.51.1-1.18.2\fabric-dimensions-v1-1.0.0-beta.13+0.51.1-1.18.2.jar
[19:05:15] [ForkJoinPool-1-worker-12/DEBUG] (Quilt Loader/Resolution) Testing [C:\GitHub\disruption\.gradle\quilt-loom-cache\remapped_mods\loom_mappings_1_18_2_layered_hash_916697315_v2\org\quiltmc\quilted-fabric-api\fabric-renderer-api-v1\1.0.0-beta.13+0.51.1-1.18.2\fabric-renderer-api-v1-1.0.0-beta.13+0.51.1-1.18.2.jar]
[19:05:15] [ForkJoinPool-1-worker-13/DEBUG] (Quilt Loader/Resolution) Adding C:\GitHub\disruption\.gradle\quilt-loom-cache\remapped_mods\loom_mappings_1_18_2_layered_hash_916697315_v2\org\quiltmc\quilted-fabric-api\fabric-entity-events-v1\1.0.0-beta.13+0.51.1-1.18.2\fabric-entity-events-v1-1.0.0-beta.13+0.51.1-1.18.2.jar as ModCandidate{quilted_fabric_entity_events_v1@1.0.0-beta.13+0.51.1-1.18.2}
[19:05:15] [ForkJoinPool-1-worker-13/DEBUG] (Quilt Loader/Resolution) Searching for nested JARs in ModCandidate{quilted_fabric_entity_events_v1@1.0.0-beta.13+0.51.1-1.18.2}
[19:05:15] [ForkJoinPool-1-worker-13/DEBUG] (Quilt Loader/Resolution) C:\GitHub\disruption\.gradle\quilt-loom-cache\remapped_mods\loom_mappings_1_18_2_layered_hash_916697315_v2\org\quiltmc\quilted-fabric-api\fabric-entity-events-v1\1.0.0-beta.13+0.51.1-1.18.2\fabric-entity-events-v1-1.0.0-beta.13+0.51.1-1.18.2.jar
[19:05:15] [ForkJoinPool-1-worker-13/DEBUG] (Quilt Loader/Resolution) Testing [C:\GitHub\disruption\.gradle\quilt-loom-cache\remapped_mods\loom_mappings_1_18_2_layered_hash_916697315_v2\org\quiltmc\quilted-fabric-api\fabric-renderer-registries-v1\1.0.0-beta.13+0.51.1-1.18.2\fabric-renderer-registries-v1-1.0.0-beta.13+0.51.1-1.18.2.jar]
[19:05:15] [ForkJoinPool-1-worker-14/DEBUG] (Quilt Loader/Resolution) Adding C:\GitHub\disruption\.gradle\quilt-loom-cache\remapped_mods\loom_mappings_1_18_2_layered_hash_916697315_v2\org\quiltmc\quilted-fabric-api\fabric-events-interaction-v0\1.0.0-beta.13+0.51.1-1.18.2\fabric-events-interaction-v0-1.0.0-beta.13+0.51.1-1.18.2.jar as ModCandidate{quilted_fabric_events_interaction_v0@1.0.0-beta.13+0.51.1-1.18.2}
[19:05:15] [ForkJoinPool-1-worker-14/DEBUG] (Quilt Loader/Resolution) Searching for nested JARs in ModCandidate{quilted_fabric_events_interaction_v0@1.0.0-beta.13+0.51.1-1.18.2}
[19:05:15] [ForkJoinPool-1-worker-14/DEBUG] (Quilt Loader/Resolution) C:\GitHub\disruption\.gradle\quilt-loom-cache\remapped_mods\loom_mappings_1_18_2_layered_hash_916697315_v2\org\quiltmc\quilted-fabric-api\fabric-events-interaction-v0\1.0.0-beta.13+0.51.1-1.18.2\fabric-events-interaction-v0-1.0.0-beta.13+0.51.1-1.18.2.jar
[19:05:15] [ForkJoinPool-1-worker-14/DEBUG] (Quilt Loader/Resolution) Testing [C:\GitHub\disruption\.gradle\quilt-loom-cache\remapped_mods\loom_mappings_1_18_2_layered_hash_916697315_v2\org\quiltmc\quilted-fabric-api\fabric-rendering-data-attachment-v1\1.0.0-beta.13+0.51.1-1.18.2\fabric-rendering-data-attachment-v1-1.0.0-beta.13+0.51.1-1.18.2.jar]
[19:05:15] [ForkJoinPool-1-worker-15/DEBUG] (Quilt Loader/Resolution) Adding C:\GitHub\disruption\.gradle\quilt-loom-cache\remapped_mods\loom_mappings_1_18_2_layered_hash_916697315_v2\org\quiltmc\quilted-fabric-api\fabric-events-lifecycle-v0\1.0.0-beta.13+0.51.1-1.18.2\fabric-events-lifecycle-v0-1.0.0-beta.13+0.51.1-1.18.2.jar as ModCandidate{quilted_fabric_events_lifecycle_v0@1.0.0-beta.13+0.51.1-1.18.2}
[19:05:15] [ForkJoinPool-1-worker-15/DEBUG] (Quilt Loader/Resolution) Searching for nested JARs in ModCandidate{quilted_fabric_events_lifecycle_v0@1.0.0-beta.13+0.51.1-1.18.2}
[19:05:15] [ForkJoinPool-1-worker-15/DEBUG] (Quilt Loader/Resolution) C:\GitHub\disruption\.gradle\quilt-loom-cache\remapped_mods\loom_mappings_1_18_2_layered_hash_916697315_v2\org\quiltmc\quilted-fabric-api\fabric-events-lifecycle-v0\1.0.0-beta.13+0.51.1-1.18.2\fabric-events-lifecycle-v0-1.0.0-beta.13+0.51.1-1.18.2.jar
[19:05:15] [ForkJoinPool-1-worker-15/DEBUG] (Quilt Loader/Resolution) Testing [C:\GitHub\disruption\.gradle\quilt-loom-cache\remapped_mods\loom_mappings_1_18_2_layered_hash_916697315_v2\org\quiltmc\quilted-fabric-api\fabric-rendering-fluids-v1\1.0.0-beta.13+0.51.1-1.18.2\fabric-rendering-fluids-v1-1.0.0-beta.13+0.51.1-1.18.2.jar]
[19:05:15] [ForkJoinPool-1-worker-16/DEBUG] (Quilt Loader/Resolution) Adding C:\GitHub\disruption\.gradle\quilt-loom-cache\remapped_mods\loom_mappings_1_18_2_layered_hash_916697315_v2\org\quiltmc\quilted-fabric-api\fabric-gametest-api-v1\1.0.0-beta.13+0.51.1-1.18.2\fabric-gametest-api-v1-1.0.0-beta.13+0.51.1-1.18.2.jar as ModCandidate{quilted_fabric_gametest_api_v1@1.0.0-beta.13+0.51.1-1.18.2}
[19:05:15] [ForkJoinPool-1-worker-16/DEBUG] (Quilt Loader/Resolution) Searching for nested JARs in ModCandidate{quilted_fabric_gametest_api_v1@1.0.0-beta.13+0.51.1-1.18.2}
[19:05:15] [ForkJoinPool-1-worker-16/DEBUG] (Quilt Loader/Resolution) C:\GitHub\disruption\.gradle\quilt-loom-cache\remapped_mods\loom_mappings_1_18_2_layered_hash_916697315_v2\org\quiltmc\quilted-fabric-api\fabric-gametest-api-v1\1.0.0-beta.13+0.51.1-1.18.2\fabric-gametest-api-v1-1.0.0-beta.13+0.51.1-1.18.2.jar
[19:05:15] [ForkJoinPool-1-worker-16/DEBUG] (Quilt Loader/Resolution) Testing [C:\GitHub\disruption\.gradle\quilt-loom-cache\remapped_mods\loom_mappings_1_18_2_layered_hash_916697315_v2\org\quiltmc\quilted-fabric-api\fabric-rendering-v0\1.0.0-beta.13+0.51.1-1.18.2\fabric-rendering-v0-1.0.0-beta.13+0.51.1-1.18.2.jar]
[19:05:15] [ForkJoinPool-1-worker-17/DEBUG] (Quilt Loader/Resolution) Adding C:\GitHub\disruption\.gradle\quilt-loom-cache\remapped_mods\loom_mappings_1_18_2_layered_hash_916697315_v2\org\quiltmc\quilted-fabric-api\fabric-item-api-v1\1.0.0-beta.13+0.51.1-1.18.2\fabric-item-api-v1-1.0.0-beta.13+0.51.1-1.18.2.jar as ModCandidate{quilted_fabric_item_api_v1@1.0.0-beta.13+0.51.1-1.18.2}
[19:05:15] [ForkJoinPool-1-worker-17/DEBUG] (Quilt Loader/Resolution) Searching for nested JARs in ModCandidate{quilted_fabric_item_api_v1@1.0.0-beta.13+0.51.1-1.18.2}
[19:05:15] [ForkJoinPool-1-worker-17/DEBUG] (Quilt Loader/Resolution) C:\GitHub\disruption\.gradle\quilt-loom-cache\remapped_mods\loom_mappings_1_18_2_layered_hash_916697315_v2\org\quiltmc\quilted-fabric-api\fabric-item-api-v1\1.0.0-beta.13+0.51.1-1.18.2\fabric-item-api-v1-1.0.0-beta.13+0.51.1-1.18.2.jar
[19:05:15] [ForkJoinPool-1-worker-17/DEBUG] (Quilt Loader/Resolution) Testing [C:\GitHub\disruption\.gradle\quilt-loom-cache\remapped_mods\loom_mappings_1_18_2_layered_hash_916697315_v2\org\quiltmc\quilted-fabric-api\fabric-rendering-v1\1.0.0-beta.13+0.51.1-1.18.2\fabric-rendering-v1-1.0.0-beta.13+0.51.1-1.18.2.jar]
[19:05:15] [ForkJoinPool-1-worker-18/DEBUG] (Quilt Loader/Resolution) Adding C:\GitHub\disruption\.gradle\quilt-loom-cache\remapped_mods\loom_mappings_1_18_2_layered_hash_916697315_v2\org\quiltmc\quilted-fabric-api\fabric-item-groups-v0\1.0.0-beta.13+0.51.1-1.18.2\fabric-item-groups-v0-1.0.0-beta.13+0.51.1-1.18.2.jar as ModCandidate{quilted_fabric_item_groups_v0@1.0.0-beta.13+0.51.1-1.18.2}
[19:05:15] [ForkJoinPool-1-worker-18/DEBUG] (Quilt Loader/Resolution) Searching for nested JARs in ModCandidate{quilted_fabric_item_groups_v0@1.0.0-beta.13+0.51.1-1.18.2}
[19:05:15] [ForkJoinPool-1-worker-18/DEBUG] (Quilt Loader/Resolution) C:\GitHub\disruption\.gradle\quilt-loom-cache\remapped_mods\loom_mappings_1_18_2_layered_hash_916697315_v2\org\quiltmc\quilted-fabric-api\fabric-item-groups-v0\1.0.0-beta.13+0.51.1-1.18.2\fabric-item-groups-v0-1.0.0-beta.13+0.51.1-1.18.2.jar
[19:05:15] [ForkJoinPool-1-worker-18/DEBUG] (Quilt Loader/Resolution) Testing [C:\GitHub\disruption\.gradle\quilt-loom-cache\remapped_mods\loom_mappings_1_18_2_layered_hash_916697315_v2\org\quiltmc\quilted-fabric-api\fabric-screen-api-v1\1.0.0-beta.13+0.51.1-1.18.2\fabric-screen-api-v1-1.0.0-beta.13+0.51.1-1.18.2.jar]
[19:05:15] [ForkJoinPool-1-worker-19/DEBUG] (Quilt Loader/Resolution) Adding C:\GitHub\disruption\.gradle\quilt-loom-cache\remapped_mods\loom_mappings_1_18_2_layered_hash_916697315_v2\org\quiltmc\quilted-fabric-api\fabric-lifecycle-events-v1\1.0.0-beta.13+0.51.1-1.18.2\fabric-lifecycle-events-v1-1.0.0-beta.13+0.51.1-1.18.2.jar as ModCandidate{quilted_fabric_lifecycle_events_v1@1.0.0-beta.13+0.51.1-1.18.2}
[19:05:15] [ForkJoinPool-1-worker-19/DEBUG] (Quilt Loader/Resolution) Searching for nested JARs in ModCandidate{quilted_fabric_lifecycle_events_v1@1.0.0-beta.13+0.51.1-1.18.2}
[19:05:15] [ForkJoinPool-1-worker-19/DEBUG] (Quilt Loader/Resolution) C:\GitHub\disruption\.gradle\quilt-loom-cache\remapped_mods\loom_mappings_1_18_2_layered_hash_916697315_v2\org\quiltmc\quilted-fabric-api\fabric-lifecycle-events-v1\1.0.0-beta.13+0.51.1-1.18.2\fabric-lifecycle-events-v1-1.0.0-beta.13+0.51.1-1.18.2.jar
[19:05:15] [ForkJoinPool-1-worker-19/DEBUG] (Quilt Loader/Resolution) Testing [C:\GitHub\disruption\.gradle\quilt-loom-cache\remapped_mods\loom_mappings_1_18_2_layered_hash_916697315_v2\org\quiltmc\quilted-fabric-api\fabric-textures-v0\1.0.0-beta.13+0.51.1-1.18.2\fabric-textures-v0-1.0.0-beta.13+0.51.1-1.18.2.jar]
[19:05:15] [ForkJoinPool-1-worker-2/DEBUG] (Quilt Loader/Resolution) Adding C:\GitHub\disruption\.gradle\quilt-loom-cache\remapped_mods\loom_mappings_1_18_2_layered_hash_916697315_v2\org\quiltmc\quilted-fabric-api\fabric-mining-level-api-v1\1.0.0-beta.13+0.51.1-1.18.2\fabric-mining-level-api-v1-1.0.0-beta.13+0.51.1-1.18.2.jar as ModCandidate{quilted_fabric_mining_level_api_v1@1.0.0-beta.13+0.51.1-1.18.2}
[19:05:15] [ForkJoinPool-1-worker-2/DEBUG] (Quilt Loader/Resolution) Searching for nested JARs in ModCandidate{quilted_fabric_mining_level_api_v1@1.0.0-beta.13+0.51.1-1.18.2}
[19:05:15] [ForkJoinPool-1-worker-2/DEBUG] (Quilt Loader/Resolution) C:\GitHub\disruption\.gradle\quilt-loom-cache\remapped_mods\loom_mappings_1_18_2_layered_hash_916697315_v2\org\quiltmc\quilted-fabric-api\fabric-mining-level-api-v1\1.0.0-beta.13+0.51.1-1.18.2\fabric-mining-level-api-v1-1.0.0-beta.13+0.51.1-1.18.2.jar
[19:05:15] [ForkJoinPool-1-worker-2/DEBUG] (Quilt Loader/Resolution) Testing [C:\GitHub\disruption\.gradle\quilt-loom-cache\remapped_mods\loom_mappings_1_18_2_layered_hash_916697315_v2\org\quiltmc\quilted-fabric-api\fabric-api-base\1.0.0-beta.13+0.51.1-1.18.2\fabric-api-base-1.0.0-beta.13+0.51.1-1.18.2.jar]
[19:05:15] [ForkJoinPool-1-worker-6/DEBUG] (Quilt Loader/Resolution) Adding C:\GitHub\disruption\.gradle\quilt-loom-cache\remapped_mods\loom_mappings_1_18_2_layered_hash_916697315_v2\org\quiltmc\quilted-fabric-api\fabric-models-v0\1.0.0-beta.13+0.51.1-1.18.2\fabric-models-v0-1.0.0-beta.13+0.51.1-1.18.2.jar as ModCandidate{quilted_fabric_models_v0@1.0.0-beta.13+0.51.1-1.18.2}
[19:05:15] [ForkJoinPool-1-worker-6/DEBUG] (Quilt Loader/Resolution) Searching for nested JARs in ModCandidate{quilted_fabric_models_v0@1.0.0-beta.13+0.51.1-1.18.2}
[19:05:15] [ForkJoinPool-1-worker-6/DEBUG] (Quilt Loader/Resolution) C:\GitHub\disruption\.gradle\quilt-loom-cache\remapped_mods\loom_mappings_1_18_2_layered_hash_916697315_v2\org\quiltmc\quilted-fabric-api\fabric-models-v0\1.0.0-beta.13+0.51.1-1.18.2\fabric-models-v0-1.0.0-beta.13+0.51.1-1.18.2.jar
[19:05:15] [ForkJoinPool-1-worker-6/DEBUG] (Quilt Loader/Resolution) Testing [C:\GitHub\disruption\.gradle\quilt-loom-cache\remapped_mods\loom_mappings_1_18_2_layered_hash_916697315_v2\org\quiltmc\quilted-fabric-api\fabric-biome-api-v1\1.0.0-beta.13+0.51.1-1.18.2\fabric-biome-api-v1-1.0.0-beta.13+0.51.1-1.18.2.jar]
[19:05:15] [ForkJoinPool-1-worker-1/DEBUG] (Quilt Loader/Resolution) Adding C:\GitHub\disruption\.gradle\quilt-loom-cache\remapped_mods\loom_mappings_1_18_2_layered_hash_916697315_v2\org\quiltmc\quilted-fabric-api\fabric-networking-v0\1.0.0-beta.13+0.51.1-1.18.2\fabric-networking-v0-1.0.0-beta.13+0.51.1-1.18.2.jar as ModCandidate{quilted_fabric_networking_v0@1.0.0-beta.13+0.51.1-1.18.2}
[19:05:15] [ForkJoinPool-1-worker-1/DEBUG] (Quilt Loader/Resolution) Searching for nested JARs in ModCandidate{quilted_fabric_networking_v0@1.0.0-beta.13+0.51.1-1.18.2}
[19:05:15] [ForkJoinPool-1-worker-1/DEBUG] (Quilt Loader/Resolution) C:\GitHub\disruption\.gradle\quilt-loom-cache\remapped_mods\loom_mappings_1_18_2_layered_hash_916697315_v2\org\quiltmc\quilted-fabric-api\fabric-networking-v0\1.0.0-beta.13+0.51.1-1.18.2\fabric-networking-v0-1.0.0-beta.13+0.51.1-1.18.2.jar
[19:05:15] [ForkJoinPool-1-worker-1/DEBUG] (Quilt Loader/Resolution) Testing [C:\GitHub\disruption\.gradle\quilt-loom-cache\remapped_mods\loom_mappings_1_18_2_layered_hash_916697315_v2\org\quiltmc\quilted-fabric-api\fabric-crash-report-info-v1\1.0.0-beta.13+0.51.1-1.18.2\fabric-crash-report-info-v1-1.0.0-beta.13+0.51.1-1.18.2.jar]
[19:05:15] [ForkJoinPool-1-worker-3/DEBUG] (Quilt Loader/Resolution) Adding C:\GitHub\disruption\.gradle\quilt-loom-cache\remapped_mods\loom_mappings_1_18_2_layered_hash_916697315_v2\org\quiltmc\quilted-fabric-api\fabric-registry-sync-v0\1.0.0-beta.13+0.51.1-1.18.2\fabric-registry-sync-v0-1.0.0-beta.13+0.51.1-1.18.2.jar as ModCandidate{quilted_fabric_registry_sync_v0@1.0.0-beta.13+0.51.1-1.18.2}
[19:05:15] [ForkJoinPool-1-worker-3/DEBUG] (Quilt Loader/Resolution) Searching for nested JARs in ModCandidate{quilted_fabric_registry_sync_v0@1.0.0-beta.13+0.51.1-1.18.2}
[19:05:15] [ForkJoinPool-1-worker-3/DEBUG] (Quilt Loader/Resolution) C:\GitHub\disruption\.gradle\quilt-loom-cache\remapped_mods\loom_mappings_1_18_2_layered_hash_916697315_v2\org\quiltmc\quilted-fabric-api\fabric-registry-sync-v0\1.0.0-beta.13+0.51.1-1.18.2\fabric-registry-sync-v0-1.0.0-beta.13+0.51.1-1.18.2.jar
[19:05:15] [ForkJoinPool-1-worker-3/DEBUG] (Quilt Loader/Resolution) Testing [C:\GitHub\disruption\.gradle\quilt-loom-cache\remapped_mods\loom_mappings_1_18_2_layered_hash_916697315_v2\org\quiltmc\quilted-fabric-api\fabric-game-rule-api-v1\1.0.0-beta.13+0.51.1-1.18.2\fabric-game-rule-api-v1-1.0.0-beta.13+0.51.1-1.18.2.jar]
[19:05:15] [ForkJoinPool-1-worker-5/DEBUG] (Quilt Loader/Resolution) Adding C:\GitHub\disruption\.gradle\quilt-loom-cache\remapped_mods\loom_mappings_1_18_2_layered_hash_916697315_v2\org\quiltmc\quilted-fabric-api\fabric-screen-handler-api-v1\1.0.0-beta.13+0.51.1-1.18.2\fabric-screen-handler-api-v1-1.0.0-beta.13+0.51.1-1.18.2.jar as ModCandidate{quilted_fabric_screen_handler_api_v1@1.0.0-beta.13+0.51.1-1.18.2}
[19:05:15] [ForkJoinPool-1-worker-5/DEBUG] (Quilt Loader/Resolution) Searching for nested JARs in ModCandidate{quilted_fabric_screen_handler_api_v1@1.0.0-beta.13+0.51.1-1.18.2}
[19:05:15] [ForkJoinPool-1-worker-5/DEBUG] (Quilt Loader/Resolution) C:\GitHub\disruption\.gradle\quilt-loom-cache\remapped_mods\loom_mappings_1_18_2_layered_hash_916697315_v2\org\quiltmc\quilted-fabric-api\fabric-screen-handler-api-v1\1.0.0-beta.13+0.51.1-1.18.2\fabric-screen-handler-api-v1-1.0.0-beta.13+0.51.1-1.18.2.jar
[19:05:15] [ForkJoinPool-1-worker-5/DEBUG] (Quilt Loader/Resolution) Testing [C:\GitHub\disruption\.gradle\quilt-loom-cache\remapped_mods\loom_mappings_1_18_2_layered_hash_916697315_v2\org\quiltmc\quilted-fabric-api\fabric-keybindings-v0\1.0.0-beta.13+0.51.1-1.18.2\fabric-keybindings-v0-1.0.0-beta.13+0.51.1-1.18.2.jar]
[19:05:15] [ForkJoinPool-1-worker-11/DEBUG] (Quilt Loader/Resolution) Adding C:\GitHub\disruption\.gradle\quilt-loom-cache\remapped_mods\loom_mappings_1_18_2_layered_hash_916697315_v2\org\quiltmc\quilted-fabric-api\fabric-networking-api-v1\1.0.0-beta.13+0.51.1-1.18.2\fabric-networking-api-v1-1.0.0-beta.13+0.51.1-1.18.2.jar as ModCandidate{quilted_fabric_networking_api_v1@1.0.0-beta.13+0.51.1-1.18.2}
[19:05:15] [ForkJoinPool-1-worker-11/DEBUG] (Quilt Loader/Resolution) Searching for nested JARs in ModCandidate{quilted_fabric_networking_api_v1@1.0.0-beta.13+0.51.1-1.18.2}
[19:05:15] [ForkJoinPool-1-worker-11/DEBUG] (Quilt Loader/Resolution) C:\GitHub\disruption\.gradle\quilt-loom-cache\remapped_mods\loom_mappings_1_18_2_layered_hash_916697315_v2\org\quiltmc\quilted-fabric-api\fabric-networking-api-v1\1.0.0-beta.13+0.51.1-1.18.2\fabric-networking-api-v1-1.0.0-beta.13+0.51.1-1.18.2.jar
[19:05:15] [ForkJoinPool-1-worker-11/DEBUG] (Quilt Loader/Resolution) Testing [C:\GitHub\disruption\.gradle\quilt-loom-cache\remapped_mods\loom_mappings_1_18_2_layered_hash_916697315_v2\org\quiltmc\quilted-fabric-api\fabric-key-binding-api-v1\1.0.0-beta.13+0.51.1-1.18.2\fabric-key-binding-api-v1-1.0.0-beta.13+0.51.1-1.18.2.jar]
[19:05:15] [ForkJoinPool-1-worker-8/DEBUG] (Quilt Loader/Resolution) Adding C:\GitHub\disruption\.gradle\quilt-loom-cache\remapped_mods\loom_mappings_1_18_2_layered_hash_916697315_v2\org\quiltmc\quilted-fabric-api\fabric-object-builder-api-v1\1.0.0-beta.13+0.51.1-1.18.2\fabric-object-builder-api-v1-1.0.0-beta.13+0.51.1-1.18.2.jar as ModCandidate{quilted_fabric_object_builder_api_v1@1.0.0-beta.13+0.51.1-1.18.2}
[19:05:15] [ForkJoinPool-1-worker-8/DEBUG] (Quilt Loader/Resolution) Searching for nested JARs in ModCandidate{quilted_fabric_object_builder_api_v1@1.0.0-beta.13+0.51.1-1.18.2}
[19:05:15] [ForkJoinPool-1-worker-8/DEBUG] (Quilt Loader/Resolution) C:\GitHub\disruption\.gradle\quilt-loom-cache\remapped_mods\loom_mappings_1_18_2_layered_hash_916697315_v2\org\quiltmc\quilted-fabric-api\fabric-object-builder-api-v1\1.0.0-beta.13+0.51.1-1.18.2\fabric-object-builder-api-v1-1.0.0-beta.13+0.51.1-1.18.2.jar
[19:05:15] [ForkJoinPool-1-worker-8/DEBUG] (Quilt Loader/Resolution) Testing [C:\GitHub\disruption\.gradle\quilt-loom-cache\remapped_mods\loom_mappings_1_18_2_layered_hash_916697315_v2\org\quiltmc\quilted-fabric-api\fabric-resource-conditions-api-v1\1.0.0-beta.13+0.51.1-1.18.2\fabric-resource-conditions-api-v1-1.0.0-beta.13+0.51.1-1.18.2.jar]
[19:05:15] [ForkJoinPool-1-worker-4/DEBUG] (Quilt Loader/Resolution) Adding C:\GitHub\disruption\.gradle\quilt-loom-cache\remapped_mods\loom_mappings_1_18_2_layered_hash_916697315_v2\org\quiltmc\quilted-fabric-api\fabric-particles-v1\1.0.0-beta.13+0.51.1-1.18.2\fabric-particles-v1-1.0.0-beta.13+0.51.1-1.18.2.jar as ModCandidate{quilted_fabric_particles_v1@1.0.0-beta.13+0.51.1-1.18.2}
[19:05:15] [ForkJoinPool-1-worker-4/DEBUG] (Quilt Loader/Resolution) Searching for nested JARs in ModCandidate{quilted_fabric_particles_v1@1.0.0-beta.13+0.51.1-1.18.2}
[19:05:15] [ForkJoinPool-1-worker-4/DEBUG] (Quilt Loader/Resolution) C:\GitHub\disruption\.gradle\quilt-loom-cache\remapped_mods\loom_mappings_1_18_2_layered_hash_916697315_v2\org\quiltmc\quilted-fabric-api\fabric-particles-v1\1.0.0-beta.13+0.51.1-1.18.2\fabric-particles-v1-1.0.0-beta.13+0.51.1-1.18.2.jar
[19:05:15] [ForkJoinPool-1-worker-4/DEBUG] (Quilt Loader/Resolution) Testing [C:\GitHub\disruption\.gradle\quilt-loom-cache\remapped_mods\loom_mappings_1_18_2_layered_hash_916697315_v2\org\quiltmc\quilted-fabric-api\fabric-resource-loader-v0\1.0.0-beta.13+0.51.1-1.18.2\fabric-resource-loader-v0-1.0.0-beta.13+0.51.1-1.18.2.jar]
[19:05:15] [ForkJoinPool-1-worker-10/DEBUG] (Quilt Loader/Resolution) Adding C:\GitHub\disruption\.gradle\quilt-loom-cache\remapped_mods\loom_mappings_1_18_2_layered_hash_916697315_v2\org\quiltmc\quilted-fabric-api\fabric-renderer-indigo\1.0.0-beta.13+0.51.1-1.18.2\fabric-renderer-indigo-1.0.0-beta.13+0.51.1-1.18.2.jar as ModCandidate{quilted_fabric_renderer_indigo@1.0.0-beta.13+0.51.1-1.18.2}
[19:05:15] [ForkJoinPool-1-worker-10/DEBUG] (Quilt Loader/Resolution) Searching for nested JARs in ModCandidate{quilted_fabric_renderer_indigo@1.0.0-beta.13+0.51.1-1.18.2}
[19:05:15] [ForkJoinPool-1-worker-10/DEBUG] (Quilt Loader/Resolution) C:\GitHub\disruption\.gradle\quilt-loom-cache\remapped_mods\loom_mappings_1_18_2_layered_hash_916697315_v2\org\quiltmc\quilted-fabric-api\fabric-renderer-indigo\1.0.0-beta.13+0.51.1-1.18.2\fabric-renderer-indigo-1.0.0-beta.13+0.51.1-1.18.2.jar
[19:05:15] [ForkJoinPool-1-worker-10/DEBUG] (Quilt Loader/Resolution) Testing [C:\GitHub\disruption\.gradle\quilt-loom-cache\remapped_mods\loom_mappings_1_18_2_layered_hash_916697315_v2\org\quiltmc\quilted-fabric-api\fabric-transitive-access-wideners-v1\1.0.0-beta.13+0.51.1-1.18.2\fabric-transitive-access-wideners-v1-1.0.0-beta.13+0.51.1-1.18.2.jar]
[19:05:15] [ForkJoinPool-1-worker-12/DEBUG] (Quilt Loader/Resolution) Adding C:\GitHub\disruption\.gradle\quilt-loom-cache\remapped_mods\loom_mappings_1_18_2_layered_hash_916697315_v2\org\quiltmc\quilted-fabric-api\fabric-renderer-api-v1\1.0.0-beta.13+0.51.1-1.18.2\fabric-renderer-api-v1-1.0.0-beta.13+0.51.1-1.18.2.jar as ModCandidate{quilted_fabric_renderer_api_v1@1.0.0-beta.13+0.51.1-1.18.2}
[19:05:15] [ForkJoinPool-1-worker-12/DEBUG] (Quilt Loader/Resolution) Searching for nested JARs in ModCandidate{quilted_fabric_renderer_api_v1@1.0.0-beta.13+0.51.1-1.18.2}
[19:05:15] [ForkJoinPool-1-worker-12/DEBUG] (Quilt Loader/Resolution) C:\GitHub\disruption\.gradle\quilt-loom-cache\remapped_mods\loom_mappings_1_18_2_layered_hash_916697315_v2\org\quiltmc\quilted-fabric-api\fabric-renderer-api-v1\1.0.0-beta.13+0.51.1-1.18.2\fabric-renderer-api-v1-1.0.0-beta.13+0.51.1-1.18.2.jar
[19:05:15] [ForkJoinPool-1-worker-13/DEBUG] (Quilt Loader/Resolution) Adding C:\GitHub\disruption\.gradle\quilt-loom-cache\remapped_mods\loom_mappings_1_18_2_layered_hash_916697315_v2\org\quiltmc\quilted-fabric-api\fabric-renderer-registries-v1\1.0.0-beta.13+0.51.1-1.18.2\fabric-renderer-registries-v1-1.0.0-beta.13+0.51.1-1.18.2.jar as ModCandidate{quilted_fabric_renderer_registries_v1@1.0.0-beta.13+0.51.1-1.18.2}
[19:05:15] [ForkJoinPool-1-worker-13/DEBUG] (Quilt Loader/Resolution) Searching for nested JARs in ModCandidate{quilted_fabric_renderer_registries_v1@1.0.0-beta.13+0.51.1-1.18.2}
[19:05:15] [ForkJoinPool-1-worker-13/DEBUG] (Quilt Loader/Resolution) C:\GitHub\disruption\.gradle\quilt-loom-cache\remapped_mods\loom_mappings_1_18_2_layered_hash_916697315_v2\org\quiltmc\quilted-fabric-api\fabric-renderer-registries-v1\1.0.0-beta.13+0.51.1-1.18.2\fabric-renderer-registries-v1-1.0.0-beta.13+0.51.1-1.18.2.jar
[19:05:15] [ForkJoinPool-1-worker-14/DEBUG] (Quilt Loader/Resolution) Adding C:\GitHub\disruption\.gradle\quilt-loom-cache\remapped_mods\loom_mappings_1_18_2_layered_hash_916697315_v2\org\quiltmc\quilted-fabric-api\fabric-rendering-data-attachment-v1\1.0.0-beta.13+0.51.1-1.18.2\fabric-rendering-data-attachment-v1-1.0.0-beta.13+0.51.1-1.18.2.jar as ModCandidate{quilted_fabric_rendering_data_attachment_v1@1.0.0-beta.13+0.51.1-1.18.2}
[19:05:15] [ForkJoinPool-1-worker-14/DEBUG] (Quilt Loader/Resolution) Searching for nested JARs in ModCandidate{quilted_fabric_rendering_data_attachment_v1@1.0.0-beta.13+0.51.1-1.18.2}
[19:05:15] [ForkJoinPool-1-worker-14/DEBUG] (Quilt Loader/Resolution) C:\GitHub\disruption\.gradle\quilt-loom-cache\remapped_mods\loom_mappings_1_18_2_layered_hash_916697315_v2\org\quiltmc\quilted-fabric-api\fabric-rendering-data-attachment-v1\1.0.0-beta.13+0.51.1-1.18.2\fabric-rendering-data-attachment-v1-1.0.0-beta.13+0.51.1-1.18.2.jar
[19:05:15] [ForkJoinPool-1-worker-15/DEBUG] (Quilt Loader/Resolution) Adding C:\GitHub\disruption\.gradle\quilt-loom-cache\remapped_mods\loom_mappings_1_18_2_layered_hash_916697315_v2\org\quiltmc\quilted-fabric-api\fabric-rendering-fluids-v1\1.0.0-beta.13+0.51.1-1.18.2\fabric-rendering-fluids-v1-1.0.0-beta.13+0.51.1-1.18.2.jar as ModCandidate{quilted_fabric_rendering_fluids_v1@1.0.0-beta.13+0.51.1-1.18.2}
[19:05:15] [ForkJoinPool-1-worker-15/DEBUG] (Quilt Loader/Resolution) Searching for nested JARs in ModCandidate{quilted_fabric_rendering_fluids_v1@1.0.0-beta.13+0.51.1-1.18.2}
[19:05:15] [ForkJoinPool-1-worker-15/DEBUG] (Quilt Loader/Resolution) C:\GitHub\disruption\.gradle\quilt-loom-cache\remapped_mods\loom_mappings_1_18_2_layered_hash_916697315_v2\org\quiltmc\quilted-fabric-api\fabric-rendering-fluids-v1\1.0.0-beta.13+0.51.1-1.18.2\fabric-rendering-fluids-v1-1.0.0-beta.13+0.51.1-1.18.2.jar
[19:05:15] [ForkJoinPool-1-worker-16/DEBUG] (Quilt Loader/Resolution) Adding C:\GitHub\disruption\.gradle\quilt-loom-cache\remapped_mods\loom_mappings_1_18_2_layered_hash_916697315_v2\org\quiltmc\quilted-fabric-api\fabric-rendering-v0\1.0.0-beta.13+0.51.1-1.18.2\fabric-rendering-v0-1.0.0-beta.13+0.51.1-1.18.2.jar as ModCandidate{quilted_fabric_rendering_v0@1.0.0-beta.13+0.51.1-1.18.2}
[19:05:15] [ForkJoinPool-1-worker-16/DEBUG] (Quilt Loader/Resolution) Searching for nested JARs in ModCandidate{quilted_fabric_rendering_v0@1.0.0-beta.13+0.51.1-1.18.2}
[19:05:15] [ForkJoinPool-1-worker-16/DEBUG] (Quilt Loader/Resolution) C:\GitHub\disruption\.gradle\quilt-loom-cache\remapped_mods\loom_mappings_1_18_2_layered_hash_916697315_v2\org\quiltmc\quilted-fabric-api\fabric-rendering-v0\1.0.0-beta.13+0.51.1-1.18.2\fabric-rendering-v0-1.0.0-beta.13+0.51.1-1.18.2.jar
[19:05:15] [ForkJoinPool-1-worker-17/DEBUG] (Quilt Loader/Resolution) Adding C:\GitHub\disruption\.gradle\quilt-loom-cache\remapped_mods\loom_mappings_1_18_2_layered_hash_916697315_v2\org\quiltmc\quilted-fabric-api\fabric-rendering-v1\1.0.0-beta.13+0.51.1-1.18.2\fabric-rendering-v1-1.0.0-beta.13+0.51.1-1.18.2.jar as ModCandidate{quilted_fabric_rendering_v1@1.0.0-beta.13+0.51.1-1.18.2}
[19:05:15] [ForkJoinPool-1-worker-17/DEBUG] (Quilt Loader/Resolution) Searching for nested JARs in ModCandidate{quilted_fabric_rendering_v1@1.0.0-beta.13+0.51.1-1.18.2}
[19:05:15] [ForkJoinPool-1-worker-17/DEBUG] (Quilt Loader/Resolution) C:\GitHub\disruption\.gradle\quilt-loom-cache\remapped_mods\loom_mappings_1_18_2_layered_hash_916697315_v2\org\quiltmc\quilted-fabric-api\fabric-rendering-v1\1.0.0-beta.13+0.51.1-1.18.2\fabric-rendering-v1-1.0.0-beta.13+0.51.1-1.18.2.jar
[19:05:15] [ForkJoinPool-1-worker-18/DEBUG] (Quilt Loader/Resolution) Adding C:\GitHub\disruption\.gradle\quilt-loom-cache\remapped_mods\loom_mappings_1_18_2_layered_hash_916697315_v2\org\quiltmc\quilted-fabric-api\fabric-screen-api-v1\1.0.0-beta.13+0.51.1-1.18.2\fabric-screen-api-v1-1.0.0-beta.13+0.51.1-1.18.2.jar as ModCandidate{quilted_fabric_screen_api_v1@1.0.0-beta.13+0.51.1-1.18.2}
[19:05:15] [ForkJoinPool-1-worker-18/DEBUG] (Quilt Loader/Resolution) Searching for nested JARs in ModCandidate{quilted_fabric_screen_api_v1@1.0.0-beta.13+0.51.1-1.18.2}
[19:05:15] [ForkJoinPool-1-worker-18/DEBUG] (Quilt Loader/Resolution) C:\GitHub\disruption\.gradle\quilt-loom-cache\remapped_mods\loom_mappings_1_18_2_layered_hash_916697315_v2\org\quiltmc\quilted-fabric-api\fabric-screen-api-v1\1.0.0-beta.13+0.51.1-1.18.2\fabric-screen-api-v1-1.0.0-beta.13+0.51.1-1.18.2.jar
[19:05:15] [ForkJoinPool-1-worker-19/DEBUG] (Quilt Loader/Resolution) Adding C:\GitHub\disruption\.gradle\quilt-loom-cache\remapped_mods\loom_mappings_1_18_2_layered_hash_916697315_v2\org\quiltmc\quilted-fabric-api\fabric-textures-v0\1.0.0-beta.13+0.51.1-1.18.2\fabric-textures-v0-1.0.0-beta.13+0.51.1-1.18.2.jar as ModCandidate{quilted_fabric_textures_v0@1.0.0-beta.13+0.51.1-1.18.2}
[19:05:15] [ForkJoinPool-1-worker-19/DEBUG] (Quilt Loader/Resolution) Searching for nested JARs in ModCandidate{quilted_fabric_textures_v0@1.0.0-beta.13+0.51.1-1.18.2}
[19:05:15] [ForkJoinPool-1-worker-19/DEBUG] (Quilt Loader/Resolution) C:\GitHub\disruption\.gradle\quilt-loom-cache\remapped_mods\loom_mappings_1_18_2_layered_hash_916697315_v2\org\quiltmc\quilted-fabric-api\fabric-textures-v0\1.0.0-beta.13+0.51.1-1.18.2\fabric-textures-v0-1.0.0-beta.13+0.51.1-1.18.2.jar
[19:05:15] [ForkJoinPool-1-worker-9/DEBUG] (Quilt Loader/Resolution) Adding C:\GitHub\disruption\.gradle\quilt-loom-cache\remapped_mods\loom_mappings_1_18_2_layered_hash_916697315_v2\org\quiltmc\quilted-fabric-api\fabric-loot-tables-v1\1.0.0-beta.13+0.51.1-1.18.2\fabric-loot-tables-v1-1.0.0-beta.13+0.51.1-1.18.2.jar as ModCandidate{quilted_fabric_loot_tables_v1@1.0.0-beta.13+0.51.1-1.18.2}
[19:05:15] [ForkJoinPool-1-worker-9/DEBUG] (Quilt Loader/Resolution) Searching for nested JARs in ModCandidate{quilted_fabric_loot_tables_v1@1.0.0-beta.13+0.51.1-1.18.2}
[19:05:15] [ForkJoinPool-1-worker-9/DEBUG] (Quilt Loader/Resolution) C:\GitHub\disruption\.gradle\quilt-loom-cache\remapped_mods\loom_mappings_1_18_2_layered_hash_916697315_v2\org\quiltmc\quilted-fabric-api\fabric-loot-tables-v1\1.0.0-beta.13+0.51.1-1.18.2\fabric-loot-tables-v1-1.0.0-beta.13+0.51.1-1.18.2.jar
[19:05:15] [ForkJoinPool-1-worker-2/DEBUG] (Quilt Loader/Resolution) Adding C:\GitHub\disruption\.gradle\quilt-loom-cache\remapped_mods\loom_mappings_1_18_2_layered_hash_916697315_v2\org\quiltmc\quilted-fabric-api\fabric-api-base\1.0.0-beta.13+0.51.1-1.18.2\fabric-api-base-1.0.0-beta.13+0.51.1-1.18.2.jar as ModCandidate{quilted_fabric_api_base@1.0.0-beta.13+0.51.1-1.18.2}
[19:05:15] [ForkJoinPool-1-worker-2/DEBUG] (Quilt Loader/Resolution) Searching for nested JARs in ModCandidate{quilted_fabric_api_base@1.0.0-beta.13+0.51.1-1.18.2}
[19:05:15] [ForkJoinPool-1-worker-2/DEBUG] (Quilt Loader/Resolution) C:\GitHub\disruption\.gradle\quilt-loom-cache\remapped_mods\loom_mappings_1_18_2_layered_hash_916697315_v2\org\quiltmc\quilted-fabric-api\fabric-api-base\1.0.0-beta.13+0.51.1-1.18.2\fabric-api-base-1.0.0-beta.13+0.51.1-1.18.2.jar
[19:05:15] [ForkJoinPool-1-worker-6/DEBUG] (Quilt Loader/Resolution) Adding C:\GitHub\disruption\.gradle\quilt-loom-cache\remapped_mods\loom_mappings_1_18_2_layered_hash_916697315_v2\org\quiltmc\quilted-fabric-api\fabric-biome-api-v1\1.0.0-beta.13+0.51.1-1.18.2\fabric-biome-api-v1-1.0.0-beta.13+0.51.1-1.18.2.jar as ModCandidate{quilted_fabric_biome_api_v1@1.0.0-beta.13+0.51.1-1.18.2}
[19:05:15] [ForkJoinPool-1-worker-6/DEBUG] (Quilt Loader/Resolution) Searching for nested JARs in ModCandidate{quilted_fabric_biome_api_v1@1.0.0-beta.13+0.51.1-1.18.2}
[19:05:15] [ForkJoinPool-1-worker-6/DEBUG] (Quilt Loader/Resolution) C:\GitHub\disruption\.gradle\quilt-loom-cache\remapped_mods\loom_mappings_1_18_2_layered_hash_916697315_v2\org\quiltmc\quilted-fabric-api\fabric-biome-api-v1\1.0.0-beta.13+0.51.1-1.18.2\fabric-biome-api-v1-1.0.0-beta.13+0.51.1-1.18.2.jar
[19:05:15] [ForkJoinPool-1-worker-1/DEBUG] (Quilt Loader/Resolution) Adding C:\GitHub\disruption\.gradle\quilt-loom-cache\remapped_mods\loom_mappings_1_18_2_layered_hash_916697315_v2\org\quiltmc\quilted-fabric-api\fabric-crash-report-info-v1\1.0.0-beta.13+0.51.1-1.18.2\fabric-crash-report-info-v1-1.0.0-beta.13+0.51.1-1.18.2.jar as ModCandidate{quilted_fabric_crash_report_info_v1@1.0.0-beta.13+0.51.1-1.18.2}
[19:05:15] [ForkJoinPool-1-worker-1/DEBUG] (Quilt Loader/Resolution) Searching for nested JARs in ModCandidate{quilted_fabric_crash_report_info_v1@1.0.0-beta.13+0.51.1-1.18.2}
[19:05:15] [ForkJoinPool-1-worker-1/DEBUG] (Quilt Loader/Resolution) C:\GitHub\disruption\.gradle\quilt-loom-cache\remapped_mods\loom_mappings_1_18_2_layered_hash_916697315_v2\org\quiltmc\quilted-fabric-api\fabric-crash-report-info-v1\1.0.0-beta.13+0.51.1-1.18.2\fabric-crash-report-info-v1-1.0.0-beta.13+0.51.1-1.18.2.jar
[19:05:15] [ForkJoinPool-1-worker-3/DEBUG] (Quilt Loader/Resolution) Adding C:\GitHub\disruption\.gradle\quilt-loom-cache\remapped_mods\loom_mappings_1_18_2_layered_hash_916697315_v2\org\quiltmc\quilted-fabric-api\fabric-game-rule-api-v1\1.0.0-beta.13+0.51.1-1.18.2\fabric-game-rule-api-v1-1.0.0-beta.13+0.51.1-1.18.2.jar as ModCandidate{quilted_fabric_game_rule_api_v1@1.0.0-beta.13+0.51.1-1.18.2}
[19:05:15] [ForkJoinPool-1-worker-3/DEBUG] (Quilt Loader/Resolution) Searching for nested JARs in ModCandidate{quilted_fabric_game_rule_api_v1@1.0.0-beta.13+0.51.1-1.18.2}
[19:05:15] [ForkJoinPool-1-worker-3/DEBUG] (Quilt Loader/Resolution) C:\GitHub\disruption\.gradle\quilt-loom-cache\remapped_mods\loom_mappings_1_18_2_layered_hash_916697315_v2\org\quiltmc\quilted-fabric-api\fabric-game-rule-api-v1\1.0.0-beta.13+0.51.1-1.18.2\fabric-game-rule-api-v1-1.0.0-beta.13+0.51.1-1.18.2.jar
[19:05:15] [ForkJoinPool-1-worker-5/DEBUG] (Quilt Loader/Resolution) Adding C:\GitHub\disruption\.gradle\quilt-loom-cache\remapped_mods\loom_mappings_1_18_2_layered_hash_916697315_v2\org\quiltmc\quilted-fabric-api\fabric-keybindings-v0\1.0.0-beta.13+0.51.1-1.18.2\fabric-keybindings-v0-1.0.0-beta.13+0.51.1-1.18.2.jar as ModCandidate{quilted_fabric_keybindings_v0@1.0.0-beta.13+0.51.1-1.18.2}
[19:05:15] [ForkJoinPool-1-worker-5/DEBUG] (Quilt Loader/Resolution) Searching for nested JARs in ModCandidate{quilted_fabric_keybindings_v0@1.0.0-beta.13+0.51.1-1.18.2}
[19:05:15] [ForkJoinPool-1-worker-5/DEBUG] (Quilt Loader/Resolution) C:\GitHub\disruption\.gradle\quilt-loom-cache\remapped_mods\loom_mappings_1_18_2_layered_hash_916697315_v2\org\quiltmc\quilted-fabric-api\fabric-keybindings-v0\1.0.0-beta.13+0.51.1-1.18.2\fabric-keybindings-v0-1.0.0-beta.13+0.51.1-1.18.2.jar
[19:05:15] [ForkJoinPool-1-worker-11/DEBUG] (Quilt Loader/Resolution) Adding C:\GitHub\disruption\.gradle\quilt-loom-cache\remapped_mods\loom_mappings_1_18_2_layered_hash_916697315_v2\org\quiltmc\quilted-fabric-api\fabric-key-binding-api-v1\1.0.0-beta.13+0.51.1-1.18.2\fabric-key-binding-api-v1-1.0.0-beta.13+0.51.1-1.18.2.jar as ModCandidate{quilted_fabric_key_binding_api_v1@1.0.0-beta.13+0.51.1-1.18.2}
[19:05:15] [ForkJoinPool-1-worker-11/DEBUG] (Quilt Loader/Resolution) Searching for nested JARs in ModCandidate{quilted_fabric_key_binding_api_v1@1.0.0-beta.13+0.51.1-1.18.2}
[19:05:15] [ForkJoinPool-1-worker-11/DEBUG] (Quilt Loader/Resolution) C:\GitHub\disruption\.gradle\quilt-loom-cache\remapped_mods\loom_mappings_1_18_2_layered_hash_916697315_v2\org\quiltmc\quilted-fabric-api\fabric-key-binding-api-v1\1.0.0-beta.13+0.51.1-1.18.2\fabric-key-binding-api-v1-1.0.0-beta.13+0.51.1-1.18.2.jar
[19:05:15] [ForkJoinPool-1-worker-8/DEBUG] (Quilt Loader/Resolution) Adding C:\GitHub\disruption\.gradle\quilt-loom-cache\remapped_mods\loom_mappings_1_18_2_layered_hash_916697315_v2\org\quiltmc\quilted-fabric-api\fabric-resource-conditions-api-v1\1.0.0-beta.13+0.51.1-1.18.2\fabric-resource-conditions-api-v1-1.0.0-beta.13+0.51.1-1.18.2.jar as ModCandidate{quilted_fabric_resource_conditions_api_v1@1.0.0-beta.13+0.51.1-1.18.2}
[19:05:15] [ForkJoinPool-1-worker-8/DEBUG] (Quilt Loader/Resolution) Searching for nested JARs in ModCandidate{quilted_fabric_resource_conditions_api_v1@1.0.0-beta.13+0.51.1-1.18.2}
[19:05:15] [ForkJoinPool-1-worker-8/DEBUG] (Quilt Loader/Resolution) C:\GitHub\disruption\.gradle\quilt-loom-cache\remapped_mods\loom_mappings_1_18_2_layered_hash_916697315_v2\org\quiltmc\quilted-fabric-api\fabric-resource-conditions-api-v1\1.0.0-beta.13+0.51.1-1.18.2\fabric-resource-conditions-api-v1-1.0.0-beta.13+0.51.1-1.18.2.jar
[19:05:15] [ForkJoinPool-1-worker-4/DEBUG] (Quilt Loader/Resolution) Adding C:\GitHub\disruption\.gradle\quilt-loom-cache\remapped_mods\loom_mappings_1_18_2_layered_hash_916697315_v2\org\quiltmc\quilted-fabric-api\fabric-resource-loader-v0\1.0.0-beta.13+0.51.1-1.18.2\fabric-resource-loader-v0-1.0.0-beta.13+0.51.1-1.18.2.jar as ModCandidate{quilted_fabric_resource_loader_v0@1.0.0-beta.13+0.51.1-1.18.2}
[19:05:15] [ForkJoinPool-1-worker-4/DEBUG] (Quilt Loader/Resolution) Searching for nested JARs in ModCandidate{quilted_fabric_resource_loader_v0@1.0.0-beta.13+0.51.1-1.18.2}
[19:05:15] [ForkJoinPool-1-worker-4/DEBUG] (Quilt Loader/Resolution) C:\GitHub\disruption\.gradle\quilt-loom-cache\remapped_mods\loom_mappings_1_18_2_layered_hash_916697315_v2\org\quiltmc\quilted-fabric-api\fabric-resource-loader-v0\1.0.0-beta.13+0.51.1-1.18.2\fabric-resource-loader-v0-1.0.0-beta.13+0.51.1-1.18.2.jar
[19:05:15] [ForkJoinPool-1-worker-10/DEBUG] (Quilt Loader/Resolution) Adding C:\GitHub\disruption\.gradle\quilt-loom-cache\remapped_mods\loom_mappings_1_18_2_layered_hash_916697315_v2\org\quiltmc\quilted-fabric-api\fabric-transitive-access-wideners-v1\1.0.0-beta.13+0.51.1-1.18.2\fabric-transitive-access-wideners-v1-1.0.0-beta.13+0.51.1-1.18.2.jar as ModCandidate{quilted_fabric_transitive_access_wideners_v1@1.0.0-beta.13+0.51.1-1.18.2}
[19:05:15] [ForkJoinPool-1-worker-10/DEBUG] (Quilt Loader/Resolution) Searching for nested JARs in ModCandidate{quilted_fabric_transitive_access_wideners_v1@1.0.0-beta.13+0.51.1-1.18.2}
[19:05:15] [ForkJoinPool-1-worker-10/DEBUG] (Quilt Loader/Resolution) C:\GitHub\disruption\.gradle\quilt-loom-cache\remapped_mods\loom_mappings_1_18_2_layered_hash_916697315_v2\org\quiltmc\quilted-fabric-api\fabric-transitive-access-wideners-v1\1.0.0-beta.13+0.51.1-1.18.2\fabric-transitive-access-wideners-v1-1.0.0-beta.13+0.51.1-1.18.2.jar
[19:05:15] [main/ERROR] (Quilt Loader) Incompatible mod set!
org.quiltmc.loader.impl.FormattedException: org.quiltmc.loader.impl.discovery.ModSolvingException: Found 2 errors while resolving mods!
	at org.quiltmc.loader.impl.QuiltLoaderImpl.load(QuiltLoaderImpl.java:211) ~[quilt-loader-0.16.0-beta.16.jar:?]
	at net.fabricmc.loader.launch.knot.Knot.init(Knot.java:141) ~[quilt-loader-0.16.0-beta.16.jar:?]
	at net.fabricmc.loader.launch.knot.Knot.launch(Knot.java:70) [quilt-loader-0.16.0-beta.16.jar:?]
	at org.quiltmc.loader.launch.knot.KnotHelper.launchClient(KnotHelper.java:28) [quilt-loader-0.16.0-beta.16.jar:?]
	at net.fabricmc.loader.launch.knot.KnotClient.main(KnotClient.java:23) [quilt-loader-0.16.0-beta.16.jar:?]
	at net.fabricmc.devlaunchinjector.Main.main(Main.java:86) [dev-launch-injector-0.2.1+build.8.jar:?]
Caused by: org.quiltmc.loader.impl.discovery.ModSolvingException: Found 2 errors while resolving mods!
	at org.quiltmc.loader.impl.solver.ModSolver.findCompatibleSet(ModSolver.java:265) ~[quilt-loader-0.16.0-beta.16.jar:?]
	at org.quiltmc.loader.impl.discovery.ModResolver.resolve(ModResolver.java:429) ~[quilt-loader-0.16.0-beta.16.jar:?]
	at org.quiltmc.loader.impl.QuiltLoaderImpl.setup(QuiltLoaderImpl.java:220) ~[quilt-loader-0.16.0-beta.16.jar:?]
	at org.quiltmc.loader.impl.QuiltLoaderImpl.load(QuiltLoaderImpl.java:209) ~[quilt-loader-0.16.0-beta.16.jar:?]
	... 5 more
	Suppressed: org.quiltmc.loader.impl.discovery.ModSolvingException: Unhandled error involving mod 'Disruption' (disruption) v1.0.0+1.20.1:
Depencency for mod 'disruption' on quilted_fabric_api versions [>=7] (0 valid options, 1 invalid options)
	x mod 'quilted_fabric_api' version 1.0.0-beta.13+0.51.1-1.18.2 loaded from C:\GitHub\disruption\.gradle\quilt-loom-cache\remapped_mods\loom_mappings_1_18_2_layered_hash_916697315_v2\org\quiltmc\quilted-fabric-api\quilted-fabric-api\1.0.0-beta.13+0.51.1-1.18.2\quilted-fabric-api-1.0.0-beta.13+0.51.1-1.18.2.jar
		at org.quiltmc.loader.impl.solver.ModSolver.fallbackErrorDescription(ModSolver.java:614) ~[quilt-loader-0.16.0-beta.16.jar:?]
		at org.quiltmc.loader.impl.solver.ModSolver.findCompatibleSet(ModSolver.java:243) ~[quilt-loader-0.16.0-beta.16.jar:?]
		at org.quiltmc.loader.impl.discovery.ModResolver.resolve(ModResolver.java:429) ~[quilt-loader-0.16.0-beta.16.jar:?]
		at org.quiltmc.loader.impl.QuiltLoaderImpl.setup(QuiltLoaderImpl.java:220) ~[quilt-loader-0.16.0-beta.16.jar:?]
		at org.quiltmc.loader.impl.QuiltLoaderImpl.load(QuiltLoaderImpl.java:209) ~[quilt-loader-0.16.0-beta.16.jar:?]
		at net.fabricmc.loader.launch.knot.Knot.init(Knot.java:141) ~[quilt-loader-0.16.0-beta.16.jar:?]
		at net.fabricmc.loader.launch.knot.Knot.launch(Knot.java:70) [quilt-loader-0.16.0-beta.16.jar:?]
		at org.quiltmc.loader.launch.knot.KnotHelper.launchClient(KnotHelper.java:28) [quilt-loader-0.16.0-beta.16.jar:?]
		at net.fabricmc.loader.launch.knot.KnotClient.main(KnotClient.java:23) [quilt-loader-0.16.0-beta.16.jar:?]
		at net.fabricmc.devlaunchinjector.Main.main(Main.java:86) [dev-launch-injector-0.2.1+build.8.jar:?]
	Suppressed: org.quiltmc.loader.impl.discovery.ModSolvingException: Unhandled error involving mod 'Disruption' (disruption) v1.0.0+1.20.1:
Depencency for mod 'disruption' on quilt_loader versions [>=0.19] (0 valid options, 1 invalid options)
	x mod 'quilt_loader' version 0.16.0-beta.16 loaded from C:\GitHub\disruption\.gradle\quilt-loom-cache\remapped_mods\loom_mappings_1_18_2_layered_hash_916697315_v2\org\quiltmc\quilt-loader\0.16.0-beta.16\quilt-loader-0.16.0-beta.16.jar
		at org.quiltmc.loader.impl.solver.ModSolver.fallbackErrorDescription(ModSolver.java:614) ~[quilt-loader-0.16.0-beta.16.jar:?]
		at org.quiltmc.loader.impl.solver.ModSolver.findCompatibleSet(ModSolver.java:243) ~[quilt-loader-0.16.0-beta.16.jar:?]
		at org.quiltmc.loader.impl.discovery.ModResolver.resolve(ModResolver.java:429) ~[quilt-loader-0.16.0-beta.16.jar:?]
		at org.quiltmc.loader.impl.QuiltLoaderImpl.setup(QuiltLoaderImpl.java:220) ~[quilt-loader-0.16.0-beta.16.jar:?]
		at org.quiltmc.loader.impl.QuiltLoaderImpl.load(QuiltLoaderImpl.java:209) ~[quilt-loader-0.16.0-beta.16.jar:?]
		at net.fabricmc.loader.launch.knot.Knot.init(Knot.java:141) ~[quilt-loader-0.16.0-beta.16.jar:?]
		at net.fabricmc.loader.launch.knot.Knot.launch(Knot.java:70) [quilt-loader-0.16.0-beta.16.jar:?]
		at org.quiltmc.loader.launch.knot.KnotHelper.launchClient(KnotHelper.java:28) [quilt-loader-0.16.0-beta.16.jar:?]
		at net.fabricmc.loader.launch.knot.KnotClient.main(KnotClient.java:23) [quilt-loader-0.16.0-beta.16.jar:?]
		at net.fabricmc.devlaunchinjector.Main.main(Main.java:86) [dev-launch-injector-0.2.1+build.8.jar:?]
